TN:
SF:src/app.js
FN:41,(anonymous_0)
FN:53,(anonymous_1)
FNF:2
FNH:0
FNDA:0,(anonymous_0)
FNDA:0,(anonymous_1)
DA:18,0
DA:20,0
DA:21,0
DA:24,0
DA:25,0
DA:26,0
DA:29,0
DA:30,0
DA:31,0
DA:32,0
DA:33,0
DA:34,0
DA:35,0
DA:36,0
DA:37,0
DA:38,0
DA:41,0
DA:42,0
DA:43,0
DA:44,0
DA:46,0
DA:51,0
DA:53,0
DA:54,0
LF:24
LH:0
BRDA:21,0,0,0
BRDA:21,0,1,0
BRF:2
BRH:0
end_of_record
TN:
SF:src/config/db.js
FN:36,getPool
FN:48,query
FN:57,(anonymous_2)
FN:62,(anonymous_3)
FN:92,close
FNF:5
FNH:0
FNDA:0,getPool
FNDA:0,query
FNDA:0,(anonymous_2)
FNDA:0,(anonymous_3)
FNDA:0,close
DA:4,0
DA:9,0
DA:28,0
DA:34,0
DA:37,0
DA:38,0
DA:39,0
DA:40,0
DA:41,0
DA:43,0
DA:44,0
DA:49,0
DA:50,0
DA:54,0
DA:55,0
DA:56,0
DA:57,0
DA:58,0
DA:59,0
DA:60,0
DA:62,0
DA:63,0
DA:64,0
DA:65,0
DA:66,0
DA:68,0
DA:70,0
DA:71,0
DA:72,0
DA:73,0
DA:77,0
DA:82,0
DA:83,0
DA:84,0
DA:86,0
DA:88,0
DA:93,0
DA:94,0
DA:95,0
DA:96,0
LF:40
LH:0
BRDA:10,0,0,0
BRDA:10,0,1,0
BRDA:12,1,0,0
BRDA:12,1,1,0
BRDA:13,2,0,0
BRDA:13,2,1,0
BRDA:14,3,0,0
BRDA:14,3,1,0
BRDA:37,4,0,0
BRDA:37,4,1,0
BRDA:48,5,0,0
BRDA:55,6,0,0
BRDA:55,6,1,0
BRDA:64,7,0,0
BRDA:64,7,1,0
BRDA:65,8,0,0
BRDA:65,8,1,0
BRDA:70,9,0,0
BRDA:70,9,1,0
BRDA:72,10,0,0
BRDA:72,10,1,0
BRDA:84,11,0,0
BRDA:84,11,1,0
BRDA:93,12,0,0
BRDA:93,12,1,0
BRF:25
BRH:0
end_of_record
TN:
SF:src/controllers/auth.controller.js
FN:13,(anonymous_0)
FN:35,(anonymous_1)
FN:139,(anonymous_2)
FN:240,(anonymous_3)
FN:334,(anonymous_4)
FN:384,(anonymous_5)
FN:391,(anonymous_6)
FNF:7
FNH:0
FNDA:0,(anonymous_0)
FNDA:0,(anonymous_1)
FNDA:0,(anonymous_2)
FNDA:0,(anonymous_3)
FNDA:0,(anonymous_4)
FNDA:0,(anonymous_5)
FNDA:0,(anonymous_6)
DA:6,0
DA:7,0
DA:13,0
DA:14,0
DA:22,0
DA:27,0
DA:29,0
DA:35,0
DA:36,0
DA:38,0
DA:39,0
DA:48,0
DA:49,0
DA:56,0
DA:57,0
DA:66,0
DA:68,0
DA:69,0
DA:78,0
DA:80,0
DA:81,0
DA:90,0
DA:91,0
DA:93,0
DA:120,0
DA:122,0
DA:125,0
DA:126,0
DA:139,0
DA:140,0
DA:142,0
DA:143,0
DA:153,0
DA:154,0
DA:163,0
DA:164,0
DA:165,0
DA:166,0
DA:175,0
DA:176,0
DA:177,0
DA:179,0
DA:180,0
DA:181,0
DA:182,0
DA:183,0
DA:184,0
DA:185,0
DA:186,0
DA:187,0
DA:189,0
DA:194,0
DA:201,0
DA:202,0
DA:204,0
DA:226,0
DA:227,0
DA:240,0
DA:241,0
DA:243,0
DA:244,0
DA:245,0
DA:254,0
DA:256,0
DA:257,0
DA:258,0
DA:260,0
DA:261,0
DA:262,0
DA:271,0
DA:273,0
DA:274,0
DA:275,0
DA:276,0
DA:286,0
DA:287,0
DA:296,0
DA:297,0
DA:299,0
DA:305,0
DA:311,0
DA:312,0
DA:320,0
DA:321,0
DA:334,0
DA:335,0
DA:337,0
DA:338,0
DA:347,0
DA:348,0
DA:349,0
DA:351,0
DA:352,0
DA:353,0
DA:362,0
DA:363,0
DA:365,0
DA:371,0
DA:384,0
DA:385,0
DA:391,0
DA:392,0
DA:393,0
DA:394,0
DA:403,0
DA:404,0
DA:405,0
DA:406,0
DA:408,0
DA:415,0
DA:416,0
DA:425,0
DA:426,0
DA:428,0
DA:444,0
LF:115
LH:0
BRDA:6,0,0,0
BRDA:6,0,1,0
BRDA:7,1,0,0
BRDA:7,1,1,0
BRDA:23,2,0,0
BRDA:23,2,1,0
BRDA:38,3,0,0
BRDA:38,3,1,0
BRDA:38,4,0,0
BRDA:38,4,1,0
BRDA:56,5,0,0
BRDA:56,5,1,0
BRDA:56,6,0,0
BRDA:56,6,1,0
BRDA:68,7,0,0
BRDA:68,7,1,0
BRDA:80,8,0,0
BRDA:80,8,1,0
BRDA:91,9,0,0
BRDA:91,9,1,0
BRDA:101,10,0,0
BRDA:101,10,1,0
BRDA:102,11,0,0
BRDA:102,11,1,0
BRDA:103,12,0,0
BRDA:103,12,1,0
BRDA:106,13,0,0
BRDA:106,13,1,0
BRDA:108,14,0,0
BRDA:108,14,1,0
BRDA:109,15,0,0
BRDA:109,15,1,0
BRDA:115,16,0,0
BRDA:115,16,1,0
BRDA:142,17,0,0
BRDA:142,17,1,0
BRDA:142,18,0,0
BRDA:142,18,1,0
BRDA:142,18,2,0
BRDA:153,19,0,0
BRDA:153,19,1,0
BRDA:153,20,0,0
BRDA:153,20,1,0
BRDA:165,21,0,0
BRDA:165,21,1,0
BRDA:165,22,0,0
BRDA:165,22,1,0
BRDA:212,23,0,0
BRDA:212,23,1,0
BRDA:213,24,0,0
BRDA:213,24,1,0
BRDA:244,25,0,0
BRDA:244,25,1,0
BRDA:261,26,0,0
BRDA:261,26,1,0
BRDA:261,27,0,0
BRDA:261,27,1,0
BRDA:273,28,0,0
BRDA:273,28,1,0
BRDA:275,29,0,0
BRDA:275,29,1,0
BRDA:286,30,0,0
BRDA:286,30,1,0
BRDA:286,31,0,0
BRDA:286,31,1,0
BRDA:311,32,0,0
BRDA:311,32,1,0
BRDA:311,33,0,0
BRDA:311,33,1,0
BRDA:337,34,0,0
BRDA:337,34,1,0
BRDA:352,35,0,0
BRDA:352,35,1,0
BRDA:352,36,0,0
BRDA:352,36,1,0
BRDA:393,37,0,0
BRDA:393,37,1,0
BRDA:415,38,0,0
BRDA:415,38,1,0
BRDA:415,39,0,0
BRDA:415,39,1,0
BRDA:426,40,0,0
BRDA:426,40,1,0
BRDA:434,41,0,0
BRDA:434,41,1,0
BRDA:435,42,0,0
BRDA:435,42,1,0
BRDA:436,43,0,0
BRDA:436,43,1,0
BRDA:439,44,0,0
BRDA:439,44,1,0
BRF:91
BRH:0
end_of_record
TN:
SF:src/controllers/fiveM1E.controller.js
FN:5,(anonymous_0)
FN:20,(anonymous_1)
FN:30,(anonymous_2)
FN:42,(anonymous_3)
FN:59,(anonymous_4)
FN:64,(anonymous_5)
FNF:6
FNH:0
FNDA:0,(anonymous_0)
FNDA:0,(anonymous_1)
FNDA:0,(anonymous_2)
FNDA:0,(anonymous_3)
FNDA:0,(anonymous_4)
FNDA:0,(anonymous_5)
DA:5,0
DA:6,0
DA:7,0
DA:8,0
DA:9,0
DA:11,0
DA:13,0
DA:15,0
DA:16,0
DA:20,0
DA:21,0
DA:22,0
DA:23,0
DA:25,0
DA:26,0
DA:30,0
DA:31,0
DA:32,0
DA:33,0
DA:34,0
DA:35,0
DA:37,0
DA:38,0
DA:42,0
DA:43,0
DA:44,0
DA:45,0
DA:46,0
DA:48,0
DA:49,0
DA:52,0
DA:54,0
DA:55,0
DA:59,0
DA:61,0
DA:64,0
DA:66,0
LF:37
LH:0
BRDA:8,0,0,0
BRDA:8,0,1,0
BRDA:34,1,0,0
BRDA:34,1,1,0
BRDA:45,2,0,0
BRDA:45,2,1,0
BRDA:48,3,0,0
BRDA:48,3,1,0
BRF:8
BRH:0
end_of_record
TN:
SF:src/controllers/masterData.controller.js
FN:6,(anonymous_0)
FN:17,(anonymous_1)
FN:27,(anonymous_2)
FN:52,(anonymous_3)
FN:70,(anonymous_4)
FN:81,(anonymous_5)
FN:91,(anonymous_6)
FN:101,(anonymous_7)
FN:108,(anonymous_8)
FN:116,(anonymous_9)
FN:124,(anonymous_10)
FN:131,(anonymous_11)
FN:138,(anonymous_12)
FN:145,(anonymous_13)
FN:152,(anonymous_14)
FN:159,(anonymous_15)
FN:166,(anonymous_16)
FN:173,(anonymous_17)
FN:181,(anonymous_18)
FN:191,(anonymous_19)
FN:201,(anonymous_20)
FN:211,(anonymous_21)
FN:218,(anonymous_22)
FN:230,(anonymous_23)
FN:240,(anonymous_24)
FN:268,(anonymous_25)
FN:277,(anonymous_26)
FN:302,(anonymous_27)
FN:321,(anonymous_28)
FN:332,(anonymous_29)
FN:341,(anonymous_30)
FN:362,(anonymous_31)
FN:373,(anonymous_32)
FN:381,(anonymous_33)
FN:391,(anonymous_34)
FN:400,(anonymous_35)
FN:417,(anonymous_36)
FN:435,(anonymous_37)
FN:447,(anonymous_38)
FN:456,(anonymous_39)
FN:466,(anonymous_40)
FN:492,(anonymous_41)
FN:520,(anonymous_42)
FN:532,(anonymous_43)
FN:541,(anonymous_44)
FN:563,(anonymous_45)
FN:572,(anonymous_46)
FN:596,(anonymous_47)
FN:605,(anonymous_48)
FN:628,(anonymous_49)
FN:637,(anonymous_50)
FN:659,(anonymous_51)
FN:668,(anonymous_52)
FN:690,(anonymous_53)
FN:699,(anonymous_54)
FN:714,(anonymous_55)
FN:725,(anonymous_56)
FN:733,(anonymous_57)
FN:736,(anonymous_58)
FN:748,(anonymous_59)
FN:771,(anonymous_60)
FN:791,(anonymous_61)
FN:800,(anonymous_62)
FN:809,(anonymous_63)
FN:820,(anonymous_64)
FN:831,(anonymous_65)
FN:840,(anonymous_66)
FN:849,(anonymous_67)
FN:861,(anonymous_68)
FN:872,(anonymous_69)
FN:881,(anonymous_70)
FN:890,(anonymous_71)
FN:901,(anonymous_72)
FN:912,(anonymous_73)
FN:920,(anonymous_74)
FN:929,(anonymous_75)
FN:952,(anonymous_76)
FN:963,(anonymous_77)
FN:970,(anonymous_78)
FN:981,(anonymous_79)
FN:989,(anonymous_80)
FN:998,(anonymous_81)
FN:1007,(anonymous_82)
FN:1023,(anonymous_83)
FN:1034,(anonymous_84)
FN:1041,(anonymous_85)
FN:1052,(anonymous_86)
FN:1059,(anonymous_87)
FN:1070,(anonymous_88)
FN:1077,(anonymous_89)
FN:1088,(anonymous_90)
FN:1100,(anonymous_91)
FN:1106,(anonymous_92)
FN:1116,(anonymous_93)
FN:1126,(anonymous_94)
FN:1134,(anonymous_95)
FN:1140,(anonymous_96)
FN:1159,(anonymous_97)
FN:1169,(anonymous_98)
FN:1179,(anonymous_99)
FN:1185,(anonymous_100)
FN:1196,(anonymous_101)
FN:1206,(anonymous_102)
FN:1214,(anonymous_103)
FN:1220,(anonymous_104)
FN:1233,(anonymous_105)
FN:1253,(anonymous_106)
FN:1266,(anonymous_107)
FN:1286,(anonymous_108)
FN:1294,(anonymous_109)
FN:1300,(anonymous_110)
FN:1318,(anonymous_111)
FN:1328,(anonymous_112)
FN:1336,(anonymous_113)
FN:1342,(anonymous_114)
FN:1360,(anonymous_115)
FN:1370,(anonymous_116)
FN:1378,(anonymous_117)
FN:1384,(anonymous_118)
FN:1404,(anonymous_119)
FN:1418,(anonymous_120)
FN:1428,(anonymous_121)
FN:1442,(anonymous_122)
FN:1452,(anonymous_123)
FN:1477,(anonymous_124)
FN:1496,(anonymous_125)
FN:1511,(anonymous_126)
FN:1524,(anonymous_127)
FN:1538,(anonymous_128)
FN:1548,(anonymous_129)
FN:1584,(anonymous_130)
FN:1603,(anonymous_131)
FN:1617,(anonymous_132)
FN:1630,(anonymous_133)
FN:1637,(anonymous_134)
FN:1653,(anonymous_135)
FN:1670,(anonymous_136)
FN:1680,(anonymous_137)
FN:1689,(anonymous_138)
FN:1701,(anonymous_139)
FN:1713,(anonymous_140)
FN:1724,(anonymous_141)
FN:1734,(anonymous_142)
FN:1741,(anonymous_143)
FN:1748,(anonymous_144)
FN:1760,(anonymous_145)
FN:1771,(anonymous_146)
FN:1781,(anonymous_147)
FN:1791,(anonymous_148)
FN:1804,(anonymous_149)
FN:1823,(anonymous_150)
FN:1842,(anonymous_151)
FN:1854,(anonymous_152)
FN:1870,(anonymous_153)
FN:1901,(anonymous_154)
FN:1954,(anonymous_155)
FN:1995,(anonymous_156)
FNF:157
FNH:0
FNDA:0,(anonymous_0)
FNDA:0,(anonymous_1)
FNDA:0,(anonymous_2)
FNDA:0,(anonymous_3)
FNDA:0,(anonymous_4)
FNDA:0,(anonymous_5)
FNDA:0,(anonymous_6)
FNDA:0,(anonymous_7)
FNDA:0,(anonymous_8)
FNDA:0,(anonymous_9)
FNDA:0,(anonymous_10)
FNDA:0,(anonymous_11)
FNDA:0,(anonymous_12)
FNDA:0,(anonymous_13)
FNDA:0,(anonymous_14)
FNDA:0,(anonymous_15)
FNDA:0,(anonymous_16)
FNDA:0,(anonymous_17)
FNDA:0,(anonymous_18)
FNDA:0,(anonymous_19)
FNDA:0,(anonymous_20)
FNDA:0,(anonymous_21)
FNDA:0,(anonymous_22)
FNDA:0,(anonymous_23)
FNDA:0,(anonymous_24)
FNDA:0,(anonymous_25)
FNDA:0,(anonymous_26)
FNDA:0,(anonymous_27)
FNDA:0,(anonymous_28)
FNDA:0,(anonymous_29)
FNDA:0,(anonymous_30)
FNDA:0,(anonymous_31)
FNDA:0,(anonymous_32)
FNDA:0,(anonymous_33)
FNDA:0,(anonymous_34)
FNDA:0,(anonymous_35)
FNDA:0,(anonymous_36)
FNDA:0,(anonymous_37)
FNDA:0,(anonymous_38)
FNDA:0,(anonymous_39)
FNDA:0,(anonymous_40)
FNDA:0,(anonymous_41)
FNDA:0,(anonymous_42)
FNDA:0,(anonymous_43)
FNDA:0,(anonymous_44)
FNDA:0,(anonymous_45)
FNDA:0,(anonymous_46)
FNDA:0,(anonymous_47)
FNDA:0,(anonymous_48)
FNDA:0,(anonymous_49)
FNDA:0,(anonymous_50)
FNDA:0,(anonymous_51)
FNDA:0,(anonymous_52)
FNDA:0,(anonymous_53)
FNDA:0,(anonymous_54)
FNDA:0,(anonymous_55)
FNDA:0,(anonymous_56)
FNDA:0,(anonymous_57)
FNDA:0,(anonymous_58)
FNDA:0,(anonymous_59)
FNDA:0,(anonymous_60)
FNDA:0,(anonymous_61)
FNDA:0,(anonymous_62)
FNDA:0,(anonymous_63)
FNDA:0,(anonymous_64)
FNDA:0,(anonymous_65)
FNDA:0,(anonymous_66)
FNDA:0,(anonymous_67)
FNDA:0,(anonymous_68)
FNDA:0,(anonymous_69)
FNDA:0,(anonymous_70)
FNDA:0,(anonymous_71)
FNDA:0,(anonymous_72)
FNDA:0,(anonymous_73)
FNDA:0,(anonymous_74)
FNDA:0,(anonymous_75)
FNDA:0,(anonymous_76)
FNDA:0,(anonymous_77)
FNDA:0,(anonymous_78)
FNDA:0,(anonymous_79)
FNDA:0,(anonymous_80)
FNDA:0,(anonymous_81)
FNDA:0,(anonymous_82)
FNDA:0,(anonymous_83)
FNDA:0,(anonymous_84)
FNDA:0,(anonymous_85)
FNDA:0,(anonymous_86)
FNDA:0,(anonymous_87)
FNDA:0,(anonymous_88)
FNDA:0,(anonymous_89)
FNDA:0,(anonymous_90)
FNDA:0,(anonymous_91)
FNDA:0,(anonymous_92)
FNDA:0,(anonymous_93)
FNDA:0,(anonymous_94)
FNDA:0,(anonymous_95)
FNDA:0,(anonymous_96)
FNDA:0,(anonymous_97)
FNDA:0,(anonymous_98)
FNDA:0,(anonymous_99)
FNDA:0,(anonymous_100)
FNDA:0,(anonymous_101)
FNDA:0,(anonymous_102)
FNDA:0,(anonymous_103)
FNDA:0,(anonymous_104)
FNDA:0,(anonymous_105)
FNDA:0,(anonymous_106)
FNDA:0,(anonymous_107)
FNDA:0,(anonymous_108)
FNDA:0,(anonymous_109)
FNDA:0,(anonymous_110)
FNDA:0,(anonymous_111)
FNDA:0,(anonymous_112)
FNDA:0,(anonymous_113)
FNDA:0,(anonymous_114)
FNDA:0,(anonymous_115)
FNDA:0,(anonymous_116)
FNDA:0,(anonymous_117)
FNDA:0,(anonymous_118)
FNDA:0,(anonymous_119)
FNDA:0,(anonymous_120)
FNDA:0,(anonymous_121)
FNDA:0,(anonymous_122)
FNDA:0,(anonymous_123)
FNDA:0,(anonymous_124)
FNDA:0,(anonymous_125)
FNDA:0,(anonymous_126)
FNDA:0,(anonymous_127)
FNDA:0,(anonymous_128)
FNDA:0,(anonymous_129)
FNDA:0,(anonymous_130)
FNDA:0,(anonymous_131)
FNDA:0,(anonymous_132)
FNDA:0,(anonymous_133)
FNDA:0,(anonymous_134)
FNDA:0,(anonymous_135)
FNDA:0,(anonymous_136)
FNDA:0,(anonymous_137)
FNDA:0,(anonymous_138)
FNDA:0,(anonymous_139)
FNDA:0,(anonymous_140)
FNDA:0,(anonymous_141)
FNDA:0,(anonymous_142)
FNDA:0,(anonymous_143)
FNDA:0,(anonymous_144)
FNDA:0,(anonymous_145)
FNDA:0,(anonymous_146)
FNDA:0,(anonymous_147)
FNDA:0,(anonymous_148)
FNDA:0,(anonymous_149)
FNDA:0,(anonymous_150)
FNDA:0,(anonymous_151)
FNDA:0,(anonymous_152)
FNDA:0,(anonymous_153)
FNDA:0,(anonymous_154)
FNDA:0,(anonymous_155)
FNDA:0,(anonymous_156)
DA:6,0
DA:17,0
DA:18,0
DA:19,0
DA:20,0
DA:22,0
DA:23,0
DA:27,0
DA:28,0
DA:29,0
DA:30,0
DA:32,0
DA:33,0
DA:34,0
DA:35,0
DA:36,0
DA:37,0
DA:39,0
DA:44,0
DA:45,0
DA:47,0
DA:48,0
DA:52,0
DA:53,0
DA:54,0
DA:55,0
DA:57,0
DA:63,0
DA:64,0
DA:66,0
DA:70,0
DA:71,0
DA:72,0
DA:73,0
DA:74,0
DA:76,0
DA:81,0
DA:91,0
DA:101,0
DA:108,0
DA:116,0
DA:124,0
DA:131,0
DA:138,0
DA:145,0
DA:152,0
DA:159,0
DA:166,0
DA:173,0
DA:181,0
DA:191,0
DA:201,0
DA:211,0
DA:218,0
DA:230,0
DA:240,0
DA:268,0
DA:269,0
DA:270,0
DA:271,0
DA:273,0
DA:277,0
DA:278,0
DA:279,0
DA:280,0
DA:282,0
DA:283,0
DA:284,0
DA:285,0
DA:286,0
DA:287,0
DA:288,0
DA:290,0
DA:295,0
DA:296,0
DA:298,0
DA:302,0
DA:303,0
DA:304,0
DA:305,0
DA:307,0
DA:314,0
DA:315,0
DA:317,0
DA:321,0
DA:322,0
DA:323,0
DA:324,0
DA:325,0
DA:327,0
DA:332,0
DA:333,0
DA:334,0
DA:335,0
DA:337,0
DA:341,0
DA:342,0
DA:343,0
DA:344,0
DA:346,0
DA:347,0
DA:348,0
DA:349,0
DA:350,0
DA:352,0
DA:357,0
DA:358,0
DA:359,0
DA:362,0
DA:363,0
DA:364,0
DA:365,0
DA:366,0
DA:368,0
DA:369,0
DA:370,0
DA:373,0
DA:374,0
DA:375,0
DA:376,0
DA:377,0
DA:381,0
DA:391,0
DA:392,0
DA:393,0
DA:394,0
DA:396,0
DA:400,0
DA:401,0
DA:402,0
DA:403,0
DA:405,0
DA:410,0
DA:411,0
DA:413,0
DA:417,0
DA:418,0
DA:419,0
DA:420,0
DA:422,0
DA:428,0
DA:429,0
DA:431,0
DA:435,0
DA:436,0
DA:437,0
DA:439,0
DA:440,0
DA:442,0
DA:447,0
DA:456,0
DA:457,0
DA:458,0
DA:459,0
DA:461,0
DA:462,0
DA:466,0
DA:467,0
DA:468,0
DA:469,0
DA:471,0
DA:472,0
DA:473,0
DA:474,0
DA:475,0
DA:476,0
DA:477,0
DA:479,0
DA:484,0
DA:485,0
DA:487,0
DA:488,0
DA:492,0
DA:493,0
DA:494,0
DA:495,0
DA:497,0
DA:498,0
DA:499,0
DA:500,0
DA:501,0
DA:502,0
DA:503,0
DA:504,0
DA:506,0
DA:512,0
DA:513,0
DA:515,0
DA:516,0
DA:520,0
DA:521,0
DA:522,0
DA:523,0
DA:524,0
DA:526,0
DA:527,0
DA:532,0
DA:533,0
DA:534,0
DA:535,0
DA:537,0
DA:541,0
DA:542,0
DA:543,0
DA:544,0
DA:546,0
DA:547,0
DA:548,0
DA:549,0
DA:550,0
DA:552,0
DA:555,0
DA:556,0
DA:558,0
DA:563,0
DA:564,0
DA:565,0
DA:566,0
DA:568,0
DA:572,0
DA:573,0
DA:574,0
DA:575,0
DA:577,0
DA:578,0
DA:579,0
DA:580,0
DA:581,0
DA:582,0
DA:584,0
DA:587,0
DA:588,0
DA:590,0
DA:596,0
DA:597,0
DA:598,0
DA:599,0
DA:601,0
DA:605,0
DA:606,0
DA:607,0
DA:608,0
DA:610,0
DA:611,0
DA:612,0
DA:613,0
DA:614,0
DA:615,0
DA:617,0
DA:620,0
DA:621,0
DA:623,0
DA:628,0
DA:629,0
DA:630,0
DA:631,0
DA:633,0
DA:637,0
DA:638,0
DA:639,0
DA:640,0
DA:642,0
DA:643,0
DA:644,0
DA:645,0
DA:646,0
DA:648,0
DA:651,0
DA:652,0
DA:654,0
DA:659,0
DA:660,0
DA:661,0
DA:662,0
DA:664,0
DA:668,0
DA:669,0
DA:670,0
DA:671,0
DA:673,0
DA:674,0
DA:675,0
DA:676,0
DA:677,0
DA:679,0
DA:682,0
DA:683,0
DA:685,0
DA:690,0
DA:691,0
DA:692,0
DA:693,0
DA:695,0
DA:699,0
DA:700,0
DA:701,0
DA:702,0
DA:704,0
DA:707,0
DA:708,0
DA:710,0
DA:714,0
DA:715,0
DA:716,0
DA:717,0
DA:718,0
DA:720,0
DA:721,0
DA:722,0
DA:725,0
DA:726,0
DA:727,0
DA:728,0
DA:729,0
DA:733,0
DA:734,0
DA:735,0
DA:736,0
DA:745,0
DA:748,0
DA:749,0
DA:750,0
DA:751,0
DA:752,0
DA:758,0
DA:759,0
DA:768,0
DA:771,0
DA:772,0
DA:773,0
DA:774,0
DA:775,0
DA:778,0
DA:779,0
DA:788,0
DA:791,0
DA:792,0
DA:793,0
DA:794,0
DA:795,0
DA:800,0
DA:801,0
DA:802,0
DA:803,0
DA:805,0
DA:809,0
DA:810,0
DA:811,0
DA:812,0
DA:813,0
DA:815,0
DA:816,0
DA:817,0
DA:820,0
DA:821,0
DA:822,0
DA:823,0
DA:824,0
DA:826,0
DA:827,0
DA:828,0
DA:831,0
DA:832,0
DA:833,0
DA:834,0
DA:835,0
DA:840,0
DA:841,0
DA:842,0
DA:843,0
DA:845,0
DA:849,0
DA:850,0
DA:851,0
DA:852,0
DA:853,0
DA:856,0
DA:857,0
DA:858,0
DA:861,0
DA:862,0
DA:863,0
DA:864,0
DA:865,0
DA:867,0
DA:868,0
DA:869,0
DA:872,0
DA:873,0
DA:874,0
DA:875,0
DA:876,0
DA:881,0
DA:882,0
DA:883,0
DA:884,0
DA:886,0
DA:890,0
DA:891,0
DA:892,0
DA:893,0
DA:894,0
DA:896,0
DA:897,0
DA:898,0
DA:901,0
DA:902,0
DA:903,0
DA:904,0
DA:905,0
DA:907,0
DA:908,0
DA:909,0
DA:912,0
DA:913,0
DA:914,0
DA:915,0
DA:916,0
DA:920,0
DA:921,0
DA:922,0
DA:923,0
DA:925,0
DA:929,0
DA:930,0
DA:931,0
DA:932,0
DA:934,0
DA:935,0
DA:936,0
DA:937,0
DA:938,0
DA:940,0
DA:943,0
DA:944,0
DA:946,0
DA:952,0
DA:953,0
DA:954,0
DA:955,0
DA:956,0
DA:958,0
DA:959,0
DA:960,0
DA:963,0
DA:964,0
DA:965,0
DA:966,0
DA:967,0
DA:970,0
DA:971,0
DA:972,0
DA:973,0
DA:974,0
DA:976,0
DA:977,0
DA:978,0
DA:981,0
DA:982,0
DA:983,0
DA:984,0
DA:985,0
DA:989,0
DA:998,0
DA:999,0
DA:1000,0
DA:1001,0
DA:1003,0
DA:1007,0
DA:1008,0
DA:1009,0
DA:1010,0
DA:1012,0
DA:1016,0
DA:1017,0
DA:1019,0
DA:1023,0
DA:1024,0
DA:1025,0
DA:1026,0
DA:1027,0
DA:1029,0
DA:1030,0
DA:1031,0
DA:1034,0
DA:1035,0
DA:1036,0
DA:1037,0
DA:1038,0
DA:1041,0
DA:1042,0
DA:1043,0
DA:1044,0
DA:1045,0
DA:1047,0
DA:1048,0
DA:1049,0
DA:1052,0
DA:1053,0
DA:1054,0
DA:1055,0
DA:1056,0
DA:1059,0
DA:1060,0
DA:1061,0
DA:1062,0
DA:1063,0
DA:1065,0
DA:1066,0
DA:1067,0
DA:1070,0
DA:1071,0
DA:1072,0
DA:1073,0
DA:1074,0
DA:1077,0
DA:1078,0
DA:1079,0
DA:1080,0
DA:1081,0
DA:1083,0
DA:1084,0
DA:1085,0
DA:1088,0
DA:1089,0
DA:1090,0
DA:1091,0
DA:1092,0
DA:1100,0
DA:1101,0
DA:1102,0
DA:1103,0
DA:1104,0
DA:1106,0
DA:1107,0
DA:1108,0
DA:1109,0
DA:1110,0
DA:1112,0
DA:1113,0
DA:1114,0
DA:1116,0
DA:1117,0
DA:1118,0
DA:1119,0
DA:1120,0
DA:1122,0
DA:1123,0
DA:1124,0
DA:1126,0
DA:1127,0
DA:1128,0
DA:1129,0
DA:1130,0
DA:1134,0
DA:1135,0
DA:1136,0
DA:1137,0
DA:1138,0
DA:1140,0
DA:1141,0
DA:1142,0
DA:1143,0
DA:1144,0
DA:1145,0
DA:1146,0
DA:1147,0
DA:1148,0
DA:1149,0
DA:1150,0
DA:1152,0
DA:1155,0
DA:1156,0
DA:1157,0
DA:1159,0
DA:1160,0
DA:1161,0
DA:1162,0
DA:1163,0
DA:1165,0
DA:1166,0
DA:1167,0
DA:1169,0
DA:1170,0
DA:1171,0
DA:1172,0
DA:1173,0
DA:1179,0
DA:1180,0
DA:1181,0
DA:1182,0
DA:1183,0
DA:1185,0
DA:1186,0
DA:1187,0
DA:1188,0
DA:1189,0
DA:1192,0
DA:1193,0
DA:1194,0
DA:1196,0
DA:1197,0
DA:1198,0
DA:1199,0
DA:1200,0
DA:1202,0
DA:1203,0
DA:1204,0
DA:1206,0
DA:1207,0
DA:1208,0
DA:1209,0
DA:1210,0
DA:1214,0
DA:1215,0
DA:1216,0
DA:1217,0
DA:1218,0
DA:1220,0
DA:1221,0
DA:1222,0
DA:1223,0
DA:1225,0
DA:1233,0
DA:1235,0
DA:1249,0
DA:1250,0
DA:1251,0
DA:1253,0
DA:1254,0
DA:1255,0
DA:1256,0
DA:1258,0
DA:1266,0
DA:1268,0
DA:1282,0
DA:1283,0
DA:1284,0
DA:1286,0
DA:1287,0
DA:1288,0
DA:1289,0
DA:1290,0
DA:1294,0
DA:1295,0
DA:1296,0
DA:1297,0
DA:1298,0
DA:1300,0
DA:1301,0
DA:1302,0
DA:1303,0
DA:1304,0
DA:1305,0
DA:1306,0
DA:1307,0
DA:1308,0
DA:1309,0
DA:1310,0
DA:1312,0
DA:1314,0
DA:1315,0
DA:1316,0
DA:1318,0
DA:1319,0
DA:1320,0
DA:1321,0
DA:1322,0
DA:1324,0
DA:1325,0
DA:1326,0
DA:1328,0
DA:1329,0
DA:1330,0
DA:1331,0
DA:1332,0
DA:1336,0
DA:1337,0
DA:1338,0
DA:1339,0
DA:1340,0
DA:1342,0
DA:1343,0
DA:1344,0
DA:1345,0
DA:1346,0
DA:1347,0
DA:1348,0
DA:1349,0
DA:1350,0
DA:1351,0
DA:1352,0
DA:1354,0
DA:1356,0
DA:1357,0
DA:1358,0
DA:1360,0
DA:1361,0
DA:1362,0
DA:1363,0
DA:1364,0
DA:1366,0
DA:1367,0
DA:1368,0
DA:1370,0
DA:1371,0
DA:1372,0
DA:1373,0
DA:1374,0
DA:1378,0
DA:1379,0
DA:1380,0
DA:1381,0
DA:1382,0
DA:1384,0
DA:1385,0
DA:1386,0
DA:1387,0
DA:1388,0
DA:1389,0
DA:1390,0
DA:1391,0
DA:1392,0
DA:1393,0
DA:1394,0
DA:1395,0
DA:1396,0
DA:1398,0
DA:1400,0
DA:1401,0
DA:1402,0
DA:1404,0
DA:1405,0
DA:1406,0
DA:1408,0
DA:1411,0
DA:1414,0
DA:1415,0
DA:1416,0
DA:1418,0
DA:1419,0
DA:1420,0
DA:1421,0
DA:1422,0
DA:1428,0
DA:1442,0
DA:1443,0
DA:1444,0
DA:1445,0
DA:1447,0
DA:1448,0
DA:1452,0
DA:1453,0
DA:1454,0
DA:1455,0
DA:1457,0
DA:1458,0
DA:1459,0
DA:1460,0
DA:1461,0
DA:1463,0
DA:1469,0
DA:1470,0
DA:1472,0
DA:1473,0
DA:1477,0
DA:1478,0
DA:1479,0
DA:1480,0
DA:1482,0
DA:1488,0
DA:1489,0
DA:1491,0
DA:1492,0
DA:1496,0
DA:1497,0
DA:1498,0
DA:1499,0
DA:1500,0
DA:1502,0
DA:1503,0
DA:1511,0
DA:1524,0
DA:1525,0
DA:1526,0
DA:1527,0
DA:1531,0
DA:1533,0
DA:1534,0
DA:1538,0
DA:1539,0
DA:1540,0
DA:1541,0
DA:1543,0
DA:1544,0
DA:1548,0
DA:1549,0
DA:1550,0
DA:1552,0
DA:1553,0
DA:1556,0
DA:1558,0
DA:1559,0
DA:1560,0
DA:1561,0
DA:1562,0
DA:1563,0
DA:1564,0
DA:1565,0
DA:1566,0
DA:1567,0
DA:1568,0
DA:1570,0
DA:1576,0
DA:1577,0
DA:1579,0
DA:1580,0
DA:1584,0
DA:1585,0
DA:1586,0
DA:1587,0
DA:1589,0
DA:1595,0
DA:1596,0
DA:1598,0
DA:1599,0
DA:1603,0
DA:1604,0
DA:1605,0
DA:1606,0
DA:1607,0
DA:1609,0
DA:1610,0
DA:1617,0
DA:1630,0
DA:1631,0
DA:1632,0
DA:1633,0
DA:1634,0
DA:1637,0
DA:1638,0
DA:1639,0
DA:1640,0
DA:1641,0
DA:1648,0
DA:1649,0
DA:1650,0
DA:1653,0
DA:1654,0
DA:1655,0
DA:1656,0
DA:1657,0
DA:1665,0
DA:1666,0
DA:1667,0
DA:1670,0
DA:1671,0
DA:1672,0
DA:1673,0
DA:1674,0
DA:1680,0
DA:1689,0
DA:1690,0
DA:1691,0
DA:1697,0
DA:1698,0
DA:1701,0
DA:1702,0
DA:1703,0
DA:1704,0
DA:1705,0
DA:1708,0
DA:1709,0
DA:1710,0
DA:1713,0
DA:1714,0
DA:1715,0
DA:1716,0
DA:1717,0
DA:1719,0
DA:1720,0
DA:1721,0
DA:1724,0
DA:1725,0
DA:1726,0
DA:1727,0
DA:1728,0
DA:1734,0
DA:1741,0
DA:1742,0
DA:1743,0
DA:1744,0
DA:1745,0
DA:1748,0
DA:1749,0
DA:1750,0
DA:1751,0
DA:1752,0
DA:1755,0
DA:1756,0
DA:1757,0
DA:1760,0
DA:1761,0
DA:1762,0
DA:1763,0
DA:1764,0
DA:1766,0
DA:1767,0
DA:1768,0
DA:1771,0
DA:1772,0
DA:1773,0
DA:1774,0
DA:1775,0
DA:1781,0
DA:1791,0
DA:1792,0
DA:1793,0
DA:1800,0
DA:1801,0
DA:1804,0
DA:1805,0
DA:1806,0
DA:1807,0
DA:1808,0
DA:1813,0
DA:1819,0
DA:1820,0
DA:1823,0
DA:1824,0
DA:1825,0
DA:1826,0
DA:1827,0
DA:1832,0
DA:1838,0
DA:1839,0
DA:1842,0
DA:1843,0
DA:1844,0
DA:1845,0
DA:1846,0
DA:1854,0
DA:1870,0
DA:1871,0
DA:1873,0
DA:1894,0
DA:1896,0
DA:1897,0
DA:1901,0
DA:1902,0
DA:1903,0
DA:1905,0
DA:1906,0
DA:1909,0
DA:1911,0
DA:1912,0
DA:1913,0
DA:1914,0
DA:1915,0
DA:1916,0
DA:1918,0
DA:1925,0
DA:1947,0
DA:1949,0
DA:1950,0
DA:1954,0
DA:1955,0
DA:1956,0
DA:1957,0
DA:1959,0
DA:1966,0
DA:1988,0
DA:1990,0
DA:1991,0
DA:1995,0
DA:1996,0
DA:1997,0
DA:1998,0
DA:1999,0
DA:2001,0
DA:2002,0
LF:981
LH:0
BRDA:9,0,0,0
BRDA:9,0,1,0
BRDA:10,1,0,0
BRDA:10,1,1,0
BRDA:11,2,0,0
BRDA:11,2,1,0
BRDA:36,3,0,0
BRDA:36,3,1,0
BRDA:37,4,0,0
BRDA:37,4,1,0
BRDA:61,5,0,0
BRDA:61,5,1,0
BRDA:85,6,0,0
BRDA:85,6,1,0
BRDA:86,7,0,0
BRDA:86,7,1,0
BRDA:87,8,0,0
BRDA:87,8,1,0
BRDA:94,9,0,0
BRDA:94,9,1,0
BRDA:95,10,0,0
BRDA:95,10,1,0
BRDA:104,11,0,0
BRDA:104,11,1,0
BRDA:105,12,0,0
BRDA:105,12,1,0
BRDA:111,13,0,0
BRDA:111,13,1,0
BRDA:113,14,0,0
BRDA:113,14,1,0
BRDA:119,15,0,0
BRDA:119,15,1,0
BRDA:120,16,0,0
BRDA:120,16,1,0
BRDA:121,17,0,0
BRDA:121,17,1,0
BRDA:127,18,0,0
BRDA:127,18,1,0
BRDA:128,19,0,0
BRDA:128,19,1,0
BRDA:134,20,0,0
BRDA:134,20,1,0
BRDA:135,21,0,0
BRDA:135,21,1,0
BRDA:141,22,0,0
BRDA:141,22,1,0
BRDA:142,23,0,0
BRDA:142,23,1,0
BRDA:148,24,0,0
BRDA:148,24,1,0
BRDA:149,25,0,0
BRDA:149,25,1,0
BRDA:155,26,0,0
BRDA:155,26,1,0
BRDA:156,27,0,0
BRDA:156,27,1,0
BRDA:162,28,0,0
BRDA:162,28,1,0
BRDA:163,29,0,0
BRDA:163,29,1,0
BRDA:169,30,0,0
BRDA:169,30,1,0
BRDA:170,31,0,0
BRDA:170,31,1,0
BRDA:176,32,0,0
BRDA:176,32,1,0
BRDA:177,33,0,0
BRDA:177,33,1,0
BRDA:178,34,0,0
BRDA:178,34,1,0
BRDA:187,35,0,0
BRDA:187,35,1,0
BRDA:188,36,0,0
BRDA:188,36,1,0
BRDA:197,37,0,0
BRDA:197,37,1,0
BRDA:198,38,0,0
BRDA:198,38,1,0
BRDA:207,39,0,0
BRDA:207,39,1,0
BRDA:208,40,0,0
BRDA:208,40,1,0
BRDA:215,41,0,0
BRDA:215,41,1,0
BRDA:223,42,0,0
BRDA:223,42,1,0
BRDA:227,43,0,0
BRDA:227,43,1,0
BRDA:235,44,0,0
BRDA:235,44,1,0
BRDA:236,45,0,0
BRDA:236,45,1,0
BRDA:237,46,0,0
BRDA:237,46,1,0
BRDA:244,47,0,0
BRDA:244,47,1,0
BRDA:245,48,0,0
BRDA:245,48,1,0
BRDA:287,49,0,0
BRDA:287,49,1,0
BRDA:288,50,0,0
BRDA:288,50,1,0
BRDA:312,51,0,0
BRDA:312,51,1,0
BRDA:350,52,0,0
BRDA:350,52,1,0
BRDA:367,53,0,0
BRDA:367,53,1,0
BRDA:384,54,0,0
BRDA:384,54,1,0
BRDA:385,55,0,0
BRDA:385,55,1,0
BRDA:388,56,0,0
BRDA:388,56,1,0
BRDA:408,57,0,0
BRDA:408,57,1,0
BRDA:408,58,0,0
BRDA:408,58,1,0
BRDA:426,59,0,0
BRDA:426,59,1,0
BRDA:426,60,0,0
BRDA:426,60,1,0
BRDA:450,61,0,0
BRDA:450,61,1,0
BRDA:451,62,0,0
BRDA:451,62,1,0
BRDA:453,63,0,0
BRDA:453,63,1,0
BRDA:475,64,0,0
BRDA:475,64,1,0
BRDA:476,65,0,0
BRDA:476,65,1,0
BRDA:501,66,0,0
BRDA:501,66,1,0
BRDA:502,67,0,0
BRDA:502,67,1,0
BRDA:504,68,0,0
BRDA:504,68,1,0
BRDA:550,69,0,0
BRDA:550,69,1,0
BRDA:581,70,0,0
BRDA:581,70,1,0
BRDA:582,71,0,0
BRDA:582,71,1,0
BRDA:614,72,0,0
BRDA:614,72,1,0
BRDA:615,73,0,0
BRDA:615,73,1,0
BRDA:646,74,0,0
BRDA:646,74,1,0
BRDA:677,75,0,0
BRDA:677,75,1,0
BRDA:705,76,0,0
BRDA:705,76,1,0
BRDA:719,77,0,0
BRDA:719,77,1,0
BRDA:742,78,0,0
BRDA:742,78,1,0
BRDA:743,79,0,0
BRDA:743,79,1,0
BRDA:754,80,0,0
BRDA:754,80,1,0
BRDA:765,81,0,0
BRDA:765,81,1,0
BRDA:766,82,0,0
BRDA:766,82,1,0
BRDA:776,83,0,0
BRDA:776,83,1,0
BRDA:785,84,0,0
BRDA:785,84,1,0
BRDA:786,85,0,0
BRDA:786,85,1,0
BRDA:814,86,0,0
BRDA:814,86,1,0
BRDA:825,87,0,0
BRDA:825,87,1,0
BRDA:855,88,0,0
BRDA:855,88,1,0
BRDA:855,89,0,0
BRDA:855,89,1,0
BRDA:855,90,0,0
BRDA:855,90,1,0
BRDA:855,91,0,0
BRDA:855,91,1,0
BRDA:866,92,0,0
BRDA:866,92,1,0
BRDA:866,93,0,0
BRDA:866,93,1,0
BRDA:895,94,0,0
BRDA:895,94,1,0
BRDA:906,95,0,0
BRDA:906,95,1,0
BRDA:938,96,0,0
BRDA:938,96,1,0
BRDA:957,97,0,0
BRDA:957,97,1,0
BRDA:975,98,0,0
BRDA:975,98,1,0
BRDA:992,99,0,0
BRDA:992,99,1,0
BRDA:993,100,0,0
BRDA:993,100,1,0
BRDA:1014,101,0,0
BRDA:1014,101,1,0
BRDA:1028,102,0,0
BRDA:1028,102,1,0
BRDA:1046,103,0,0
BRDA:1046,103,1,0
BRDA:1064,104,0,0
BRDA:1064,104,1,0
BRDA:1082,105,0,0
BRDA:1082,105,1,0
BRDA:1111,106,0,0
BRDA:1111,106,1,0
BRDA:1111,107,0,0
BRDA:1111,107,1,0
BRDA:1121,108,0,0
BRDA:1121,108,1,0
BRDA:1150,109,0,0
BRDA:1150,109,1,0
BRDA:1164,110,0,0
BRDA:1164,110,1,0
BRDA:1191,111,0,0
BRDA:1191,111,1,0
BRDA:1191,112,0,0
BRDA:1191,112,1,0
BRDA:1201,113,0,0
BRDA:1201,113,1,0
BRDA:1233,114,0,0
BRDA:1233,114,1,0
BRDA:1244,115,0,0
BRDA:1244,115,1,0
BRDA:1266,116,0,0
BRDA:1266,116,1,0
BRDA:1277,117,0,0
BRDA:1277,117,1,0
BRDA:1280,118,0,0
BRDA:1280,118,1,0
BRDA:1310,119,0,0
BRDA:1310,119,1,0
BRDA:1323,120,0,0
BRDA:1323,120,1,0
BRDA:1352,121,0,0
BRDA:1352,121,1,0
BRDA:1365,122,0,0
BRDA:1365,122,1,0
BRDA:1393,123,0,0
BRDA:1393,123,1,0
BRDA:1396,124,0,0
BRDA:1396,124,1,0
BRDA:1412,125,0,0
BRDA:1412,125,1,0
BRDA:1437,126,0,0
BRDA:1437,126,1,0
BRDA:1486,127,0,0
BRDA:1486,127,1,0
BRDA:1515,128,0,0
BRDA:1515,128,1,0
BRDA:1517,129,0,0
BRDA:1517,129,1,0
BRDA:1518,130,0,0
BRDA:1518,130,1,0
BRDA:1519,131,0,0
BRDA:1519,131,1,0
BRDA:1520,132,0,0
BRDA:1520,132,1,0
BRDA:1521,133,0,0
BRDA:1521,133,1,0
BRDA:1552,134,0,0
BRDA:1552,134,1,0
BRDA:1552,135,0,0
BRDA:1552,135,1,0
BRDA:1552,135,2,0
BRDA:1563,136,0,0
BRDA:1563,136,1,0
BRDA:1565,137,0,0
BRDA:1565,137,1,0
BRDA:1566,138,0,0
BRDA:1566,138,1,0
BRDA:1567,139,0,0
BRDA:1567,139,1,0
BRDA:1568,140,0,0
BRDA:1568,140,1,0
BRDA:1593,141,0,0
BRDA:1593,141,1,0
BRDA:1593,142,0,0
BRDA:1593,142,1,0
BRDA:1593,143,0,0
BRDA:1593,143,1,0
BRDA:1621,144,0,0
BRDA:1621,144,1,0
BRDA:1627,145,0,0
BRDA:1627,145,1,0
BRDA:1646,146,0,0
BRDA:1646,146,1,0
BRDA:1647,147,0,0
BRDA:1647,147,1,0
BRDA:1647,148,0,0
BRDA:1647,148,1,0
BRDA:1647,149,0,0
BRDA:1647,149,1,0
BRDA:1647,150,0,0
BRDA:1647,150,1,0
BRDA:1647,151,0,0
BRDA:1647,151,1,0
BRDA:1663,152,0,0
BRDA:1663,152,1,0
BRDA:1663,153,0,0
BRDA:1663,153,1,0
BRDA:1663,154,0,0
BRDA:1663,154,1,0
BRDA:1663,155,0,0
BRDA:1663,155,1,0
BRDA:1663,156,0,0
BRDA:1663,156,1,0
BRDA:1664,157,0,0
BRDA:1664,157,1,0
BRDA:1683,158,0,0
BRDA:1683,158,1,0
BRDA:1685,159,0,0
BRDA:1685,159,1,0
BRDA:1686,160,0,0
BRDA:1686,160,1,0
BRDA:1707,161,0,0
BRDA:1707,161,1,0
BRDA:1718,162,0,0
BRDA:1718,162,1,0
BRDA:1737,163,0,0
BRDA:1737,163,1,0
BRDA:1738,164,0,0
BRDA:1738,164,1,0
BRDA:1754,165,0,0
BRDA:1754,165,1,0
BRDA:1765,166,0,0
BRDA:1765,166,1,0
BRDA:1784,167,0,0
BRDA:1784,167,1,0
BRDA:1786,168,0,0
BRDA:1786,168,1,0
BRDA:1787,169,0,0
BRDA:1787,169,1,0
BRDA:1788,170,0,0
BRDA:1788,170,1,0
BRDA:1811,171,0,0
BRDA:1811,171,1,0
BRDA:1830,172,0,0
BRDA:1830,172,1,0
BRDA:1858,173,0,0
BRDA:1858,173,1,0
BRDA:1859,174,0,0
BRDA:1859,174,1,0
BRDA:1860,175,0,0
BRDA:1860,175,1,0
BRDA:1861,176,0,0
BRDA:1861,176,1,0
BRDA:1862,177,0,0
BRDA:1862,177,1,0
BRDA:1865,178,0,0
BRDA:1865,178,1,0
BRDA:1905,179,0,0
BRDA:1905,179,1,0
BRDA:1905,180,0,0
BRDA:1905,180,1,0
BRDA:1916,181,0,0
BRDA:1916,181,1,0
BRDA:1963,182,0,0
BRDA:1963,182,1,0
BRDA:1963,183,0,0
BRDA:1963,183,1,0
BRF:369
BRH:0
end_of_record
TN:
SF:src/controllers/mnr.controller.js
FN:5,(anonymous_0)
FN:14,(anonymous_1)
FN:22,(anonymous_2)
FN:29,(anonymous_3)
FN:34,(anonymous_4)
FN:57,(anonymous_5)
FN:73,(anonymous_6)
FN:120,(anonymous_7)
FN:200,stampApprovalFields
FN:220,(anonymous_9)
FN:248,(anonymous_10)
FN:538,(anonymous_11)
FN:605,(anonymous_12)
FN:674,(anonymous_13)
FN:885,(anonymous_14)
FN:905,(anonymous_15)
FN:964,(anonymous_16)
FN:990,(anonymous_17)
FN:1035,(anonymous_18)
FN:1097,(anonymous_19)
FN:1104,(anonymous_20)
FNF:21
FNH:0
FNDA:0,(anonymous_0)
FNDA:0,(anonymous_1)
FNDA:0,(anonymous_2)
FNDA:0,(anonymous_3)
FNDA:0,(anonymous_4)
FNDA:0,(anonymous_5)
FNDA:0,(anonymous_6)
FNDA:0,(anonymous_7)
FNDA:0,stampApprovalFields
FNDA:0,(anonymous_9)
FNDA:0,(anonymous_10)
FNDA:0,(anonymous_11)
FNDA:0,(anonymous_12)
FNDA:0,(anonymous_13)
FNDA:0,(anonymous_14)
FNDA:0,(anonymous_15)
FNDA:0,(anonymous_16)
FNDA:0,(anonymous_17)
FNDA:0,(anonymous_18)
FNDA:0,(anonymous_19)
FNDA:0,(anonymous_20)
DA:5,0
DA:7,0
DA:8,0
DA:9,0
DA:10,0
DA:14,0
DA:15,0
DA:16,0
DA:17,0
DA:18,0
DA:21,0
DA:23,0
DA:26,0
DA:27,0
DA:28,0
DA:29,0
DA:30,0
DA:31,0
DA:34,0
DA:35,0
DA:36,0
DA:37,0
DA:38,0
DA:40,0
DA:42,0
DA:43,0
DA:44,0
DA:45,0
DA:48,0
DA:53,0
DA:55,0
DA:59,0
DA:63,0
DA:64,0
DA:65,0
DA:67,0
DA:68,0
DA:73,0
DA:74,0
DA:111,0
DA:112,0
DA:113,0
DA:114,0
DA:115,0
DA:117,0
DA:120,0
DA:121,0
DA:157,0
DA:164,0
DA:201,0
DA:203,0
DA:205,0
DA:206,0
DA:208,0
DA:209,0
DA:214,0
DA:215,0
DA:217,0
DA:220,0
DA:221,0
DA:222,0
DA:224,0
DA:225,0
DA:228,0
DA:229,0
DA:230,0
DA:231,0
DA:232,0
DA:234,0
DA:238,0
DA:242,0
DA:243,0
DA:244,0
DA:245,0
DA:246,0
DA:248,0
DA:249,0
DA:250,0
DA:251,0
DA:252,0
DA:253,0
DA:256,0
DA:257,0
DA:258,0
DA:260,0
DA:261,0
DA:262,0
DA:263,0
DA:264,0
DA:265,0
DA:267,0
DA:268,0
DA:269,0
DA:270,0
DA:273,0
DA:274,0
DA:276,0
DA:278,0
DA:283,0
DA:284,0
DA:286,0
DA:291,0
DA:321,0
DA:354,0
DA:355,0
DA:358,0
DA:359,0
DA:362,0
DA:363,0
DA:364,0
DA:367,0
DA:368,0
DA:370,0
DA:371,0
DA:372,0
DA:373,0
DA:375,0
DA:380,0
DA:381,0
DA:382,0
DA:383,0
DA:385,0
DA:387,0
DA:388,0
DA:392,0
DA:393,0
DA:415,0
DA:443,0
DA:447,0
DA:448,0
DA:449,0
DA:468,0
DA:470,0
DA:501,0
DA:502,0
DA:503,0
DA:504,0
DA:505,0
DA:506,0
DA:512,0
DA:513,0
DA:514,0
DA:515,0
DA:516,0
DA:517,0
DA:527,0
DA:530,0
DA:533,0
DA:534,0
DA:538,0
DA:539,0
DA:540,0
DA:542,0
DA:592,0
DA:593,0
DA:594,0
DA:595,0
DA:596,0
DA:599,0
DA:601,0
DA:602,0
DA:605,0
DA:664,0
DA:667,0
DA:669,0
DA:670,0
DA:674,0
DA:675,0
DA:676,0
DA:678,0
DA:709,0
DA:710,0
DA:712,0
DA:715,0
DA:728,0
DA:729,0
DA:730,0
DA:733,0
DA:739,0
DA:740,0
DA:743,0
DA:749,0
DA:752,0
DA:753,0
DA:755,0
DA:877,0
DA:880,0
DA:881,0
DA:885,0
DA:886,0
DA:887,0
DA:888,0
DA:890,0
DA:891,0
DA:892,0
DA:900,0
DA:901,0
DA:902,0
DA:904,0
DA:905,0
DA:906,0
DA:907,0
DA:908,0
DA:909,0
DA:911,0
DA:912,0
DA:915,0
DA:916,0
DA:917,0
DA:918,0
DA:919,0
DA:920,0
DA:921,0
DA:922,0
DA:923,0
DA:924,0
DA:926,0
DA:927,0
DA:928,0
DA:929,0
DA:930,0
DA:931,0
DA:936,0
DA:937,0
DA:938,0
DA:939,0
DA:941,0
DA:942,0
DA:943,0
DA:944,0
DA:945,0
DA:946,0
DA:947,0
DA:949,0
DA:950,0
DA:951,0
DA:952,0
DA:953,0
DA:957,0
DA:958,0
DA:960,0
DA:961,0
DA:964,0
DA:965,0
DA:967,0
DA:968,0
DA:969,0
DA:973,0
DA:974,0
DA:976,0
DA:977,0
DA:978,0
DA:979,0
DA:990,0
DA:991,0
DA:992,0
DA:993,0
DA:995,0
DA:996,0
DA:997,0
DA:999,0
DA:1000,0
DA:1005,0
DA:1006,0
DA:1007,0
DA:1008,0
DA:1009,0
DA:1011,0
DA:1012,0
DA:1018,0
DA:1019,0
DA:1020,0
DA:1022,0
DA:1032,0
DA:1033,0
DA:1035,0
DA:1036,0
DA:1037,0
DA:1038,0
DA:1042,0
DA:1043,0
DA:1044,0
DA:1045,0
DA:1046,0
DA:1048,0
DA:1049,0
DA:1050,0
DA:1056,0
DA:1057,0
DA:1058,0
DA:1059,0
DA:1060,0
DA:1061,0
DA:1062,0
DA:1063,0
DA:1070,0
DA:1071,0
DA:1072,0
DA:1073,0
DA:1074,0
DA:1075,0
DA:1076,0
DA:1077,0
DA:1090,0
DA:1092,0
DA:1093,0
DA:1097,0
DA:1098,0
DA:1099,0
DA:1100,0
DA:1101,0
DA:1104,0
DA:1105,0
DA:1107,0
DA:1108,0
DA:1110,0
DA:1112,0
DA:1114,0
DA:1115,0
LF:319
LH:0
BRDA:22,0,0,0
BRDA:27,1,0,0
BRDA:27,1,1,0
BRDA:27,2,0,0
BRDA:27,2,1,0
BRDA:36,3,0,0
BRDA:36,3,1,0
BRDA:37,4,0,0
BRDA:37,4,1,0
BRDA:42,5,0,0
BRDA:42,5,1,0
BRDA:44,6,0,0
BRDA:44,6,1,0
BRDA:55,7,0,0
BRDA:55,7,1,0
BRDA:111,8,0,0
BRDA:111,8,1,0
BRDA:113,9,0,0
BRDA:113,9,1,0
BRDA:157,10,0,0
BRDA:157,10,1,0
BRDA:200,11,0,0
BRDA:203,12,0,0
BRDA:203,12,1,0
BRDA:203,13,0,0
BRDA:203,13,1,0
BRDA:205,14,0,0
BRDA:205,14,1,0
BRDA:208,15,0,0
BRDA:208,15,1,0
BRDA:208,16,0,0
BRDA:208,16,1,0
BRDA:225,17,0,0
BRDA:225,17,1,0
BRDA:228,18,0,0
BRDA:228,18,1,0
BRDA:231,19,0,0
BRDA:231,19,1,0
BRDA:242,20,0,0
BRDA:242,20,1,0
BRDA:243,21,0,0
BRDA:243,21,1,0
BRDA:243,21,2,0
BRDA:244,22,0,0
BRDA:244,22,1,0
BRDA:245,23,0,0
BRDA:245,23,1,0
BRDA:246,24,0,0
BRDA:246,24,1,0
BRDA:256,25,0,0
BRDA:256,25,1,0
BRDA:256,26,0,0
BRDA:256,26,1,0
BRDA:257,27,0,0
BRDA:257,27,1,0
BRDA:257,27,2,0
BRDA:257,27,3,0
BRDA:258,28,0,0
BRDA:258,28,1,0
BRDA:258,28,2,0
BRDA:260,29,0,0
BRDA:260,29,1,0
BRDA:260,30,0,0
BRDA:260,30,1,0
BRDA:261,31,0,0
BRDA:261,31,1,0
BRDA:261,31,2,0
BRDA:262,32,0,0
BRDA:262,32,1,0
BRDA:262,32,2,0
BRDA:263,33,0,0
BRDA:263,33,1,0
BRDA:263,33,2,0
BRDA:264,34,0,0
BRDA:264,34,1,0
BRDA:264,34,2,0
BRDA:265,35,0,0
BRDA:265,35,1,0
BRDA:265,36,0,0
BRDA:265,36,1,0
BRDA:267,37,0,0
BRDA:267,37,1,0
BRDA:267,38,0,0
BRDA:267,38,1,0
BRDA:268,39,0,0
BRDA:268,39,1,0
BRDA:268,39,2,0
BRDA:269,40,0,0
BRDA:269,40,1,0
BRDA:269,40,2,0
BRDA:270,41,0,0
BRDA:270,41,1,0
BRDA:270,41,2,0
BRDA:273,42,0,0
BRDA:273,42,1,0
BRDA:273,42,2,0
BRDA:273,42,3,0
BRDA:274,43,0,0
BRDA:274,43,1,0
BRDA:274,43,2,0
BRDA:276,44,0,0
BRDA:276,44,1,0
BRDA:276,45,0,0
BRDA:276,45,1,0
BRDA:283,46,0,0
BRDA:283,46,1,0
BRDA:322,47,0,0
BRDA:322,47,1,0
BRDA:322,47,2,0
BRDA:323,48,0,0
BRDA:323,48,1,0
BRDA:325,49,0,0
BRDA:325,49,1,0
BRDA:327,50,0,0
BRDA:327,50,1,0
BRDA:328,51,0,0
BRDA:328,51,1,0
BRDA:329,52,0,0
BRDA:329,52,1,0
BRDA:330,53,0,0
BRDA:330,53,1,0
BRDA:332,54,0,0
BRDA:332,54,1,0
BRDA:332,54,2,0
BRDA:333,55,0,0
BRDA:333,55,1,0
BRDA:334,56,0,0
BRDA:334,56,1,0
BRDA:336,57,0,0
BRDA:336,57,1,0
BRDA:336,57,2,0
BRDA:337,58,0,0
BRDA:337,58,1,0
BRDA:337,58,2,0
BRDA:338,59,0,0
BRDA:338,59,1,0
BRDA:338,59,2,0
BRDA:339,60,0,0
BRDA:339,60,1,0
BRDA:339,60,2,0
BRDA:346,61,0,0
BRDA:346,61,1,0
BRDA:347,62,0,0
BRDA:347,62,1,0
BRDA:348,63,0,0
BRDA:348,63,1,0
BRDA:351,64,0,0
BRDA:351,64,1,0
BRDA:351,64,2,0
BRDA:362,65,0,0
BRDA:362,65,1,0
BRDA:362,65,2,0
BRDA:363,66,0,0
BRDA:363,66,1,0
BRDA:363,66,2,0
BRDA:364,67,0,0
BRDA:364,67,1,0
BRDA:364,67,2,0
BRDA:367,68,0,0
BRDA:367,68,1,0
BRDA:367,69,0,0
BRDA:367,69,1,0
BRDA:367,69,2,0
BRDA:368,70,0,0
BRDA:368,70,1,0
BRDA:371,71,0,0
BRDA:371,71,1,0
BRDA:380,72,0,0
BRDA:380,72,1,0
BRDA:380,73,0,0
BRDA:380,73,1,0
BRDA:382,74,0,0
BRDA:382,74,1,0
BRDA:387,75,0,0
BRDA:387,75,1,0
BRDA:387,76,0,0
BRDA:387,76,1,0
BRDA:392,77,0,0
BRDA:392,77,1,0
BRDA:420,78,0,0
BRDA:420,78,1,0
BRDA:421,79,0,0
BRDA:421,79,1,0
BRDA:423,80,0,0
BRDA:423,80,1,0
BRDA:424,81,0,0
BRDA:424,81,1,0
BRDA:425,82,0,0
BRDA:425,82,1,0
BRDA:427,83,0,0
BRDA:427,83,1,0
BRDA:428,84,0,0
BRDA:428,84,1,0
BRDA:429,85,0,0
BRDA:429,85,1,0
BRDA:431,86,0,0
BRDA:431,86,1,0
BRDA:432,87,0,0
BRDA:432,87,1,0
BRDA:433,88,0,0
BRDA:433,88,1,0
BRDA:434,89,0,0
BRDA:434,89,1,0
BRDA:436,90,0,0
BRDA:436,90,1,0
BRDA:437,91,0,0
BRDA:437,91,1,0
BRDA:438,92,0,0
BRDA:438,92,1,0
BRDA:443,93,0,0
BRDA:443,93,1,0
BRDA:447,94,0,0
BRDA:447,94,1,0
BRDA:447,95,0,0
BRDA:447,95,1,0
BRDA:468,96,0,0
BRDA:468,96,1,0
BRDA:472,97,0,0
BRDA:472,97,1,0
BRDA:473,98,0,0
BRDA:473,98,1,0
BRDA:474,99,0,0
BRDA:474,99,1,0
BRDA:475,100,0,0
BRDA:475,100,1,0
BRDA:476,101,0,0
BRDA:476,101,1,0
BRDA:477,102,0,0
BRDA:477,102,1,0
BRDA:478,103,0,0
BRDA:478,103,1,0
BRDA:479,104,0,0
BRDA:479,104,1,0
BRDA:481,105,0,0
BRDA:481,105,1,0
BRDA:481,105,2,0
BRDA:482,106,0,0
BRDA:482,106,1,0
BRDA:483,107,0,0
BRDA:483,107,1,0
BRDA:484,108,0,0
BRDA:484,108,1,0
BRDA:485,109,0,0
BRDA:485,109,1,0
BRDA:486,110,0,0
BRDA:486,110,1,0
BRDA:488,111,0,0
BRDA:488,111,1,0
BRDA:489,112,0,0
BRDA:489,112,1,0
BRDA:490,113,0,0
BRDA:490,113,1,0
BRDA:491,114,0,0
BRDA:491,114,1,0
BRDA:492,115,0,0
BRDA:492,115,1,0
BRDA:493,116,0,0
BRDA:493,116,1,0
BRDA:494,117,0,0
BRDA:494,117,1,0
BRDA:501,118,0,0
BRDA:501,118,1,0
BRDA:501,119,0,0
BRDA:501,119,1,0
BRDA:504,120,0,0
BRDA:504,120,1,0
BRDA:504,121,0,0
BRDA:504,121,1,0
BRDA:512,122,0,0
BRDA:512,122,1,0
BRDA:512,123,0,0
BRDA:512,123,1,0
BRDA:516,124,0,0
BRDA:516,124,1,0
BRDA:519,125,0,0
BRDA:519,125,1,0
BRDA:521,126,0,0
BRDA:521,126,1,0
BRDA:593,127,0,0
BRDA:593,127,1,0
BRDA:632,128,0,0
BRDA:632,128,1,0
BRDA:639,129,0,0
BRDA:639,129,1,0
BRDA:710,130,0,0
BRDA:710,130,1,0
BRDA:729,131,0,0
BRDA:729,131,1,0
BRDA:730,132,0,0
BRDA:730,132,1,0
BRDA:740,133,0,0
BRDA:740,133,1,0
BRDA:769,134,0,0
BRDA:769,134,1,0
BRDA:770,135,0,0
BRDA:770,135,1,0
BRDA:782,136,0,0
BRDA:782,136,1,0
BRDA:783,137,0,0
BRDA:783,137,1,0
BRDA:784,138,0,0
BRDA:784,138,1,0
BRDA:785,139,0,0
BRDA:785,139,1,0
BRDA:786,140,0,0
BRDA:786,140,1,0
BRDA:787,141,0,0
BRDA:787,141,1,0
BRDA:788,142,0,0
BRDA:788,142,1,0
BRDA:789,143,0,0
BRDA:789,143,1,0
BRDA:805,144,0,0
BRDA:805,144,1,0
BRDA:806,145,0,0
BRDA:806,145,1,0
BRDA:807,146,0,0
BRDA:807,146,1,0
BRDA:809,147,0,0
BRDA:809,147,1,0
BRDA:809,147,2,0
BRDA:890,148,0,0
BRDA:890,148,1,0
BRDA:892,149,0,0
BRDA:892,149,1,0
BRDA:900,150,0,0
BRDA:900,150,1,0
BRDA:901,151,0,0
BRDA:901,151,1,0
BRDA:901,151,2,0
BRDA:902,152,0,0
BRDA:902,152,1,0
BRDA:907,153,0,0
BRDA:907,153,1,0
BRDA:912,154,0,0
BRDA:912,154,1,0
BRDA:915,155,0,0
BRDA:915,155,1,0
BRDA:915,156,0,0
BRDA:915,156,1,0
BRDA:915,157,0,0
BRDA:915,157,1,0
BRDA:916,158,0,0
BRDA:916,158,1,0
BRDA:916,159,0,0
BRDA:916,159,1,0
BRDA:916,160,0,0
BRDA:916,160,1,0
BRDA:917,161,0,0
BRDA:917,161,1,0
BRDA:918,162,0,0
BRDA:918,162,1,0
BRDA:918,163,0,0
BRDA:918,163,1,0
BRDA:918,164,0,0
BRDA:918,164,1,0
BRDA:919,165,0,0
BRDA:919,165,1,0
BRDA:919,166,0,0
BRDA:919,166,1,0
BRDA:919,167,0,0
BRDA:919,167,1,0
BRDA:920,168,0,0
BRDA:920,168,1,0
BRDA:920,169,0,0
BRDA:920,169,1,0
BRDA:920,170,0,0
BRDA:920,170,1,0
BRDA:921,171,0,0
BRDA:921,171,1,0
BRDA:921,172,0,0
BRDA:921,172,1,0
BRDA:921,173,0,0
BRDA:921,173,1,0
BRDA:922,174,0,0
BRDA:922,174,1,0
BRDA:922,175,0,0
BRDA:922,175,1,0
BRDA:922,176,0,0
BRDA:922,176,1,0
BRDA:923,177,0,0
BRDA:923,177,1,0
BRDA:923,178,0,0
BRDA:923,178,1,0
BRDA:923,179,0,0
BRDA:923,179,1,0
BRDA:924,180,0,0
BRDA:924,180,1,0
BRDA:924,181,0,0
BRDA:924,181,1,0
BRDA:926,182,0,0
BRDA:926,182,1,0
BRDA:926,183,0,0
BRDA:926,183,1,0
BRDA:926,184,0,0
BRDA:926,184,1,0
BRDA:927,185,0,0
BRDA:927,185,1,0
BRDA:927,186,0,0
BRDA:927,186,1,0
BRDA:927,187,0,0
BRDA:927,187,1,0
BRDA:928,188,0,0
BRDA:928,188,1,0
BRDA:928,189,0,0
BRDA:928,189,1,0
BRDA:928,190,0,0
BRDA:928,190,1,0
BRDA:929,191,0,0
BRDA:929,191,1,0
BRDA:930,192,0,0
BRDA:930,192,1,0
BRDA:931,193,0,0
BRDA:931,193,1,0
BRDA:931,194,0,0
BRDA:931,194,1,0
BRDA:931,195,0,0
BRDA:931,195,1,0
BRDA:936,196,0,0
BRDA:936,196,1,0
BRDA:937,197,0,0
BRDA:937,197,1,0
BRDA:938,198,0,0
BRDA:938,198,1,0
BRDA:939,199,0,0
BRDA:939,199,1,0
BRDA:941,200,0,0
BRDA:941,200,1,0
BRDA:942,201,0,0
BRDA:942,201,1,0
BRDA:943,202,0,0
BRDA:943,202,1,0
BRDA:944,203,0,0
BRDA:944,203,1,0
BRDA:945,204,0,0
BRDA:945,204,1,0
BRDA:946,205,0,0
BRDA:946,205,1,0
BRDA:947,206,0,0
BRDA:947,206,1,0
BRDA:947,207,0,0
BRDA:947,207,1,0
BRDA:949,208,0,0
BRDA:949,208,1,0
BRDA:950,209,0,0
BRDA:950,209,1,0
BRDA:951,210,0,0
BRDA:951,210,1,0
BRDA:952,211,0,0
BRDA:952,211,1,0
BRDA:953,212,0,0
BRDA:953,212,1,0
BRDA:957,213,0,0
BRDA:957,213,1,0
BRDA:958,214,0,0
BRDA:958,214,1,0
BRDA:967,215,0,0
BRDA:967,215,1,0
BRDA:973,216,0,0
BRDA:973,216,1,0
BRDA:976,217,0,0
BRDA:976,217,1,0
BRDA:991,218,0,0
BRDA:991,218,1,0
BRDA:993,219,0,0
BRDA:993,219,1,0
BRDA:993,220,0,0
BRDA:993,220,1,0
BRDA:995,221,0,0
BRDA:995,221,1,0
BRDA:997,222,0,0
BRDA:997,222,1,0
BRDA:1005,223,0,0
BRDA:1005,223,1,0
BRDA:1018,224,0,0
BRDA:1018,224,1,0
BRDA:1036,225,0,0
BRDA:1036,225,1,0
BRDA:1042,226,0,0
BRDA:1042,226,1,0
BRDA:1048,227,0,0
BRDA:1048,227,1,0
BRDA:1056,228,0,0
BRDA:1056,228,1,0
BRDA:1056,229,0,0
BRDA:1056,229,1,0
BRDA:1058,230,0,0
BRDA:1058,230,1,0
BRDA:1062,231,0,0
BRDA:1062,231,1,0
BRDA:1062,232,0,0
BRDA:1062,232,1,0
BRDA:1063,233,0,0
BRDA:1063,233,1,0
BRDA:1070,234,0,0
BRDA:1070,234,1,0
BRDA:1070,235,0,0
BRDA:1070,235,1,0
BRDA:1072,236,0,0
BRDA:1072,236,1,0
BRDA:1076,237,0,0
BRDA:1076,237,1,0
BRDA:1079,238,0,0
BRDA:1079,238,1,0
BRDA:1081,239,0,0
BRDA:1081,239,1,0
BRDA:1100,240,0,0
BRDA:1100,240,1,0
BRDA:1100,241,0,0
BRDA:1100,241,1,0
BRDA:1100,241,2,0
BRF:511
BRH:0
end_of_record
TN:
SF:src/controllers/npi.controller.js
FN:6,(anonymous_0)
FN:20,(anonymous_1)
FN:37,(anonymous_2)
FN:57,(anonymous_3)
FN:82,(anonymous_4)
FN:95,(anonymous_5)
FNF:6
FNH:0
FNDA:0,(anonymous_0)
FNDA:0,(anonymous_1)
FNDA:0,(anonymous_2)
FNDA:0,(anonymous_3)
FNDA:0,(anonymous_4)
FNDA:0,(anonymous_5)
DA:6,0
DA:7,0
DA:8,0
DA:9,0
DA:10,0
DA:12,0
DA:13,0
DA:20,0
DA:21,0
DA:22,0
DA:23,0
DA:24,0
DA:25,0
DA:27,0
DA:29,0
DA:30,0
DA:37,0
DA:39,0
DA:40,0
DA:41,0
DA:42,0
DA:43,0
DA:45,0
DA:46,0
DA:47,0
DA:49,0
DA:50,0
DA:57,0
DA:58,0
DA:60,0
DA:61,0
DA:62,0
DA:63,0
DA:64,0
DA:66,0
DA:67,0
DA:70,0
DA:71,0
DA:72,0
DA:74,0
DA:75,0
DA:82,0
DA:83,0
DA:84,0
DA:85,0
DA:87,0
DA:88,0
DA:95,0
DA:96,0
DA:97,0
DA:98,0
DA:100,0
DA:101,0
DA:103,0
DA:104,0
LF:55
LH:0
BRDA:8,0,0,0
BRDA:8,0,1,0
BRDA:24,1,0,0
BRDA:24,1,1,0
BRDA:42,2,0,0
BRDA:42,2,1,0
BRDA:42,3,0,0
BRDA:42,3,1,0
BRDA:66,4,0,0
BRDA:66,4,1,0
BRDA:66,5,0,0
BRDA:66,5,1,0
BRDA:98,6,0,0
BRDA:98,6,1,0
BRF:14
BRH:0
end_of_record
TN:
SF:src/controllers/ogi.controller.js
FN:6,(anonymous_0)
FN:15,(anonymous_1)
FN:24,(anonymous_2)
FN:58,(anonymous_3)
FN:100,(anonymous_4)
FN:101,(anonymous_5)
FN:101,(anonymous_6)
FN:108,(anonymous_7)
FN:108,(anonymous_8)
FN:131,(anonymous_9)
FN:172,(anonymous_10)
FN:180,(anonymous_11)
FN:194,(anonymous_12)
FN:283,(anonymous_13)
FNF:14
FNH:0
FNDA:0,(anonymous_0)
FNDA:0,(anonymous_1)
FNDA:0,(anonymous_2)
FNDA:0,(anonymous_3)
FNDA:0,(anonymous_4)
FNDA:0,(anonymous_5)
FNDA:0,(anonymous_6)
FNDA:0,(anonymous_7)
FNDA:0,(anonymous_8)
FNDA:0,(anonymous_9)
FNDA:0,(anonymous_10)
FNDA:0,(anonymous_11)
FNDA:0,(anonymous_12)
FNDA:0,(anonymous_13)
DA:6,0
DA:7,0
DA:8,0
DA:12,0
DA:15,0
DA:16,0
DA:17,0
DA:21,0
DA:24,0
DA:25,0
DA:26,0
DA:58,0
DA:59,0
DA:60,0
DA:63,0
DA:77,0
DA:79,0
DA:85,0
DA:90,0
DA:93,0
DA:97,0
DA:100,0
DA:101,0
DA:108,0
DA:115,0
DA:123,0
DA:124,0
DA:126,0
DA:127,0
DA:131,0
DA:132,0
DA:133,0
DA:134,0
DA:137,0
DA:153,0
DA:154,0
DA:157,0
DA:158,0
DA:161,0
DA:166,0
DA:170,0
DA:172,0
DA:180,0
DA:187,0
DA:189,0
DA:190,0
DA:194,0
DA:200,0
DA:202,0
DA:204,0
DA:205,0
DA:207,0
DA:208,0
DA:211,0
DA:212,0
DA:236,0
DA:239,0
DA:240,0
DA:241,0
DA:242,0
DA:257,0
DA:258,0
DA:259,0
DA:260,0
DA:273,0
DA:274,0
DA:277,0
DA:278,0
DA:279,0
DA:283,0
DA:284,0
DA:290,0
DA:292,0
DA:294,0
DA:295,0
DA:298,0
DA:299,0
DA:303,0
DA:304,0
DA:305,0
DA:308,0
DA:309,0
DA:310,0
DA:313,0
DA:314,0
DA:336,0
DA:337,0
DA:339,0
DA:340,0
DA:341,0
DA:342,0
DA:357,0
DA:358,0
DA:360,0
DA:361,0
DA:362,0
DA:363,0
DA:376,0
DA:377,0
DA:380,0
DA:381,0
DA:382,0
LF:102
LH:0
BRDA:7,0,0,0
BRDA:7,0,1,0
BRDA:12,1,0,0
BRDA:12,1,1,0
BRDA:16,2,0,0
BRDA:16,2,1,0
BRDA:21,3,0,0
BRDA:21,3,1,0
BRDA:25,4,0,0
BRDA:25,4,1,0
BRDA:53,5,0,0
BRDA:53,5,1,0
BRDA:54,6,0,0
BRDA:54,6,1,0
BRDA:79,7,0,0
BRDA:79,7,1,0
BRDA:153,8,0,0
BRDA:153,8,1,0
BRDA:207,9,0,0
BRDA:207,9,1,0
BRDA:207,9,2,0
BRDA:208,10,0,0
BRDA:208,10,1,0
BRDA:213,11,0,0
BRDA:213,11,1,0
BRDA:239,12,0,0
BRDA:239,12,1,0
BRDA:239,13,0,0
BRDA:239,13,1,0
BRDA:243,14,0,0
BRDA:243,14,1,0
BRDA:257,15,0,0
BRDA:257,15,1,0
BRDA:257,16,0,0
BRDA:257,16,1,0
BRDA:261,17,0,0
BRDA:261,17,1,0
BRDA:277,18,0,0
BRDA:277,18,1,0
BRDA:303,19,0,0
BRDA:303,19,1,0
BRDA:309,20,0,0
BRDA:309,20,1,0
BRDA:309,20,2,0
BRDA:339,21,0,0
BRDA:339,21,1,0
BRDA:339,22,0,0
BRDA:339,22,1,0
BRDA:343,23,0,0
BRDA:343,23,1,0
BRDA:360,24,0,0
BRDA:360,24,1,0
BRDA:360,25,0,0
BRDA:360,25,1,0
BRDA:364,26,0,0
BRDA:364,26,1,0
BRDA:380,27,0,0
BRDA:380,27,1,0
BRF:58
BRH:0
end_of_record
TN:
SF:src/controllers/qmqa.controller.js
FN:17,(anonymous_0)
FN:69,(anonymous_1)
FN:94,(anonymous_2)
FN:130,(anonymous_3)
FN:188,(anonymous_4)
FN:237,(anonymous_5)
FN:289,(anonymous_6)
FN:318,(anonymous_7)
FN:354,(anonymous_8)
FN:412,(anonymous_9)
FN:461,(anonymous_10)
FN:501,(anonymous_11)
FN:553,(anonymous_12)
FN:597,(anonymous_13)
FN:647,(anonymous_14)
FN:688,(anonymous_15)
FN:742,(anonymous_16)
FN:785,(anonymous_17)
FN:830,(anonymous_18)
FN:872,(anonymous_19)
FN:942,(anonymous_20)
FN:1010,(anonymous_21)
FN:1075,(anonymous_22)
FN:1115,(anonymous_23)
FN:1150,(anonymous_24)
FN:1202,(anonymous_25)
FN:1254,(anonymous_26)
FN:1316,(anonymous_27)
FNF:28
FNH:0
FNDA:0,(anonymous_0)
FNDA:0,(anonymous_1)
FNDA:0,(anonymous_2)
FNDA:0,(anonymous_3)
FNDA:0,(anonymous_4)
FNDA:0,(anonymous_5)
FNDA:0,(anonymous_6)
FNDA:0,(anonymous_7)
FNDA:0,(anonymous_8)
FNDA:0,(anonymous_9)
FNDA:0,(anonymous_10)
FNDA:0,(anonymous_11)
FNDA:0,(anonymous_12)
FNDA:0,(anonymous_13)
FNDA:0,(anonymous_14)
FNDA:0,(anonymous_15)
FNDA:0,(anonymous_16)
FNDA:0,(anonymous_17)
FNDA:0,(anonymous_18)
FNDA:0,(anonymous_19)
FNDA:0,(anonymous_20)
FNDA:0,(anonymous_21)
FNDA:0,(anonymous_22)
FNDA:0,(anonymous_23)
FNDA:0,(anonymous_24)
FNDA:0,(anonymous_25)
FNDA:0,(anonymous_26)
FNDA:0,(anonymous_27)
DA:17,0
DA:18,0
DA:19,0
DA:20,0
DA:21,0
DA:23,0
DA:24,0
DA:25,0
DA:26,0
DA:35,0
DA:37,0
DA:42,0
DA:44,0
DA:45,0
DA:55,0
DA:69,0
DA:70,0
DA:71,0
DA:73,0
DA:78,0
DA:80,0
DA:94,0
DA:95,0
DA:96,0
DA:97,0
DA:99,0
DA:100,0
DA:109,0
DA:114,0
DA:116,0
DA:130,0
DA:131,0
DA:132,0
DA:133,0
DA:134,0
DA:143,0
DA:144,0
DA:146,0
DA:151,0
DA:153,0
DA:154,0
DA:164,0
DA:165,0
DA:174,0
DA:188,0
DA:189,0
DA:190,0
DA:191,0
DA:192,0
DA:201,0
DA:202,0
DA:204,0
DA:209,0
DA:211,0
DA:212,0
DA:221,0
DA:237,0
DA:238,0
DA:239,0
DA:240,0
DA:241,0
DA:243,0
DA:244,0
DA:245,0
DA:246,0
DA:255,0
DA:257,0
DA:262,0
DA:264,0
DA:265,0
DA:275,0
DA:289,0
DA:290,0
DA:291,0
DA:292,0
DA:293,0
DA:295,0
DA:297,0
DA:302,0
DA:304,0
DA:318,0
DA:319,0
DA:320,0
DA:321,0
DA:323,0
DA:324,0
DA:333,0
DA:338,0
DA:340,0
DA:354,0
DA:355,0
DA:356,0
DA:357,0
DA:358,0
DA:367,0
DA:368,0
DA:370,0
DA:375,0
DA:377,0
DA:378,0
DA:388,0
DA:389,0
DA:398,0
DA:412,0
DA:413,0
DA:414,0
DA:415,0
DA:416,0
DA:425,0
DA:426,0
DA:428,0
DA:433,0
DA:435,0
DA:436,0
DA:445,0
DA:461,0
DA:462,0
DA:463,0
DA:464,0
DA:465,0
DA:474,0
DA:475,0
DA:478,0
DA:480,0
DA:485,0
DA:487,0
DA:501,0
DA:502,0
DA:503,0
DA:504,0
DA:505,0
DA:514,0
DA:515,0
DA:518,0
DA:519,0
DA:521,0
DA:522,0
DA:525,0
DA:527,0
DA:528,0
DA:532,0
DA:537,0
DA:539,0
DA:553,0
DA:554,0
DA:555,0
DA:556,0
DA:557,0
DA:566,0
DA:567,0
DA:570,0
DA:571,0
DA:573,0
DA:576,0
DA:581,0
DA:583,0
DA:597,0
DA:598,0
DA:599,0
DA:600,0
DA:601,0
DA:610,0
DA:611,0
DA:614,0
DA:621,0
DA:623,0
DA:631,0
DA:633,0
DA:647,0
DA:648,0
DA:649,0
DA:650,0
DA:651,0
DA:660,0
DA:661,0
DA:663,0
DA:665,0
DA:670,0
DA:672,0
DA:688,0
DA:689,0
DA:690,0
DA:693,0
DA:696,0
DA:698,0
DA:699,0
DA:709,0
DA:711,0
DA:716,0
DA:718,0
DA:719,0
DA:728,0
DA:742,0
DA:743,0
DA:744,0
DA:747,0
DA:749,0
DA:752,0
DA:754,0
DA:759,0
DA:761,0
DA:762,0
DA:771,0
DA:785,0
DA:786,0
DA:787,0
DA:790,0
DA:792,0
DA:795,0
DA:797,0
DA:802,0
DA:804,0
DA:805,0
DA:814,0
DA:830,0
DA:831,0
DA:832,0
DA:833,0
DA:834,0
DA:843,0
DA:844,0
DA:847,0
DA:849,0
DA:854,0
DA:856,0
DA:872,0
DA:873,0
DA:874,0
DA:875,0
DA:876,0
DA:885,0
DA:886,0
DA:889,0
DA:890,0
DA:900,0
DA:911,0
DA:916,0
DA:918,0
DA:919,0
DA:928,0
DA:942,0
DA:943,0
DA:944,0
DA:945,0
DA:946,0
DA:955,0
DA:958,0
DA:960,0
DA:961,0
DA:971,0
DA:972,0
DA:973,0
DA:983,0
DA:984,0
DA:987,0
DA:988,0
DA:989,0
DA:992,0
DA:994,0
DA:1010,0
DA:1011,0
DA:1012,0
DA:1013,0
DA:1015,0
DA:1016,0
DA:1033,0
DA:1035,0
DA:1043,0
DA:1048,0
DA:1059,0
DA:1061,0
DA:1075,0
DA:1076,0
DA:1077,0
DA:1079,0
DA:1080,0
DA:1089,0
DA:1094,0
DA:1099,0
DA:1101,0
DA:1115,0
DA:1116,0
DA:1117,0
DA:1119,0
DA:1125,0
DA:1127,0
DA:1132,0
DA:1134,0
DA:1150,0
DA:1151,0
DA:1152,0
DA:1153,0
DA:1154,0
DA:1163,0
DA:1165,0
DA:1166,0
DA:1175,0
DA:1177,0
DA:1186,0
DA:1188,0
DA:1202,0
DA:1203,0
DA:1204,0
DA:1205,0
DA:1206,0
DA:1215,0
DA:1217,0
DA:1218,0
DA:1227,0
DA:1229,0
DA:1238,0
DA:1240,0
DA:1254,0
DA:1255,0
DA:1256,0
DA:1257,0
DA:1258,0
DA:1267,0
DA:1269,0
DA:1270,0
DA:1279,0
DA:1280,0
DA:1289,0
DA:1291,0
DA:1300,0
DA:1302,0
DA:1316,0
DA:1317,0
DA:1318,0
DA:1319,0
DA:1320,0
DA:1329,0
DA:1331,0
DA:1332,0
DA:1341,0
DA:1343,0
DA:1352,0
DA:1354,0
LF:338
LH:0
BRDA:25,0,0,0
BRDA:25,0,1,0
BRDA:44,1,0,0
BRDA:44,1,1,0
BRDA:99,2,0,0
BRDA:99,2,1,0
BRDA:133,3,0,0
BRDA:133,3,1,0
BRDA:153,4,0,0
BRDA:153,4,1,0
BRDA:164,5,0,0
BRDA:164,5,1,0
BRDA:191,6,0,0
BRDA:191,6,1,0
BRDA:211,7,0,0
BRDA:211,7,1,0
BRDA:245,8,0,0
BRDA:245,8,1,0
BRDA:264,9,0,0
BRDA:264,9,1,0
BRDA:323,10,0,0
BRDA:323,10,1,0
BRDA:357,11,0,0
BRDA:357,11,1,0
BRDA:377,12,0,0
BRDA:377,12,1,0
BRDA:388,13,0,0
BRDA:388,13,1,0
BRDA:415,14,0,0
BRDA:415,14,1,0
BRDA:435,15,0,0
BRDA:435,15,1,0
BRDA:464,16,0,0
BRDA:464,16,1,0
BRDA:504,17,0,0
BRDA:504,17,1,0
BRDA:518,18,0,0
BRDA:518,18,1,0
BRDA:521,19,0,0
BRDA:521,19,1,0
BRDA:527,20,0,0
BRDA:527,20,1,0
BRDA:556,21,0,0
BRDA:556,21,1,0
BRDA:570,22,0,0
BRDA:570,22,1,0
BRDA:600,23,0,0
BRDA:600,23,1,0
BRDA:650,24,0,0
BRDA:650,24,1,0
BRDA:698,25,0,0
BRDA:698,25,1,0
BRDA:718,26,0,0
BRDA:718,26,1,0
BRDA:718,27,0,0
BRDA:718,27,1,0
BRDA:722,28,0,0
BRDA:722,28,1,0
BRDA:761,29,0,0
BRDA:761,29,1,0
BRDA:761,30,0,0
BRDA:761,30,1,0
BRDA:765,31,0,0
BRDA:765,31,1,0
BRDA:804,32,0,0
BRDA:804,32,1,0
BRDA:804,33,0,0
BRDA:804,33,1,0
BRDA:808,34,0,0
BRDA:808,34,1,0
BRDA:833,35,0,0
BRDA:833,35,1,0
BRDA:875,36,0,0
BRDA:875,36,1,0
BRDA:889,37,0,0
BRDA:889,37,1,0
BRDA:901,38,0,0
BRDA:901,38,1,0
BRDA:918,39,0,0
BRDA:918,39,1,0
BRDA:945,40,0,0
BRDA:945,40,1,0
BRDA:960,41,0,0
BRDA:960,41,1,0
BRDA:972,42,0,0
BRDA:972,42,1,0
BRDA:983,43,0,0
BRDA:983,43,1,0
BRDA:1015,44,0,0
BRDA:1015,44,1,0
BRDA:1031,45,0,0
BRDA:1032,46,0,0
BRDA:1079,47,0,0
BRDA:1079,47,1,0
BRDA:1079,48,0,0
BRDA:1079,48,1,0
BRDA:1153,49,0,0
BRDA:1153,49,1,0
BRDA:1165,50,0,0
BRDA:1165,50,1,0
BRDA:1165,51,0,0
BRDA:1165,51,1,0
BRDA:1165,51,2,0
BRDA:1205,52,0,0
BRDA:1205,52,1,0
BRDA:1217,53,0,0
BRDA:1217,53,1,0
BRDA:1217,54,0,0
BRDA:1217,54,1,0
BRDA:1217,54,2,0
BRDA:1257,55,0,0
BRDA:1257,55,1,0
BRDA:1269,56,0,0
BRDA:1269,56,1,0
BRDA:1269,57,0,0
BRDA:1269,57,1,0
BRDA:1269,57,2,0
BRDA:1279,58,0,0
BRDA:1279,58,1,0
BRDA:1319,59,0,0
BRDA:1319,59,1,0
BRDA:1331,60,0,0
BRDA:1331,60,1,0
BRDA:1331,61,0,0
BRDA:1331,61,1,0
BRDA:1331,61,2,0
BRF:126
BRH:0
end_of_record
TN:
SF:src/controllers/sqmp.controller.js
FN:3,(anonymous_0)
FN:15,(anonymous_1)
FN:27,(anonymous_2)
FN:40,(anonymous_3)
FN:56,(anonymous_4)
FN:72,(anonymous_5)
FN:90,(anonymous_6)
FNF:7
FNH:0
FNDA:0,(anonymous_0)
FNDA:0,(anonymous_1)
FNDA:0,(anonymous_2)
FNDA:0,(anonymous_3)
FNDA:0,(anonymous_4)
FNDA:0,(anonymous_5)
FNDA:0,(anonymous_6)
DA:3,0
DA:4,0
DA:5,0
DA:6,0
DA:7,0
DA:8,0
DA:10,0
DA:11,0
DA:15,0
DA:16,0
DA:17,0
DA:18,0
DA:19,0
DA:20,0
DA:22,0
DA:23,0
DA:27,0
DA:28,0
DA:29,0
DA:30,0
DA:31,0
DA:32,0
DA:33,0
DA:35,0
DA:36,0
DA:40,0
DA:41,0
DA:42,0
DA:43,0
DA:44,0
DA:45,0
DA:47,0
DA:48,0
DA:50,0
DA:51,0
DA:56,0
DA:57,0
DA:58,0
DA:59,0
DA:60,0
DA:61,0
DA:65,0
DA:66,0
DA:68,0
DA:72,0
DA:73,0
DA:74,0
DA:75,0
DA:76,0
DA:77,0
DA:83,0
DA:84,0
DA:86,0
DA:90,0
DA:91,0
DA:92,0
DA:93,0
DA:94,0
DA:95,0
DA:96,0
DA:102,0
DA:103,0
DA:105,0
LF:63
LH:0
BRDA:6,0,0,0
BRDA:6,0,1,0
BRDA:17,1,0,0
BRDA:17,1,1,0
BRDA:32,2,0,0
BRDA:32,2,1,0
BRDA:44,3,0,0
BRDA:44,3,1,0
BRDA:47,4,0,0
BRDA:47,4,1,0
BRDA:60,5,0,0
BRDA:60,5,1,0
BRDA:65,6,0,0
BRDA:65,6,1,0
BRDA:76,7,0,0
BRDA:76,7,1,0
BRDA:83,8,0,0
BRDA:83,8,1,0
BRDA:95,9,0,0
BRDA:95,9,1,0
BRDA:102,10,0,0
BRDA:102,10,1,0
BRF:22
BRH:0
end_of_record
TN:
SF:src/controllers/sqpr.controller.js
FN:3,(anonymous_0)
FN:14,(anonymous_1)
FN:24,(anonymous_2)
FN:36,(anonymous_3)
FN:50,(anonymous_4)
FN:67,(anonymous_5)
FN:82,(anonymous_6)
FNF:7
FNH:0
FNDA:0,(anonymous_0)
FNDA:0,(anonymous_1)
FNDA:0,(anonymous_2)
FNDA:0,(anonymous_3)
FNDA:0,(anonymous_4)
FNDA:0,(anonymous_5)
FNDA:0,(anonymous_6)
DA:3,0
DA:4,0
DA:5,0
DA:6,0
DA:7,0
DA:9,0
DA:10,0
DA:14,0
DA:15,0
DA:16,0
DA:17,0
DA:19,0
DA:20,0
DA:24,0
DA:25,0
DA:26,0
DA:27,0
DA:28,0
DA:29,0
DA:31,0
DA:32,0
DA:36,0
DA:37,0
DA:38,0
DA:39,0
DA:40,0
DA:42,0
DA:43,0
DA:45,0
DA:46,0
DA:50,0
DA:51,0
DA:52,0
DA:53,0
DA:55,0
DA:60,0
DA:61,0
DA:63,0
DA:67,0
DA:68,0
DA:69,0
DA:70,0
DA:71,0
DA:75,0
DA:76,0
DA:78,0
DA:82,0
DA:83,0
DA:84,0
DA:85,0
DA:86,0
DA:87,0
DA:92,0
DA:93,0
DA:95,0
LF:55
LH:0
BRDA:5,0,0,0
BRDA:5,0,1,0
BRDA:28,1,0,0
BRDA:28,1,1,0
BRDA:39,2,0,0
BRDA:39,2,1,0
BRDA:42,3,0,0
BRDA:42,3,1,0
BRDA:53,4,0,0
BRDA:53,4,1,0
BRDA:60,5,0,0
BRDA:60,5,1,0
BRDA:70,6,0,0
BRDA:70,6,1,0
BRDA:75,7,0,0
BRDA:75,7,1,0
BRDA:85,8,0,0
BRDA:85,8,1,0
BRDA:92,9,0,0
BRDA:92,9,1,0
BRF:20
BRH:0
end_of_record
TN:
SF:src/controllers/user.controller.js
FN:8,(anonymous_0)
FN:23,(anonymous_1)
FN:34,(anonymous_2)
FN:48,(anonymous_3)
FN:135,(anonymous_4)
FN:200,(anonymous_5)
FN:220,(anonymous_6)
FNF:7
FNH:0
FNDA:0,(anonymous_0)
FNDA:0,(anonymous_1)
FNDA:0,(anonymous_2)
FNDA:0,(anonymous_3)
FNDA:0,(anonymous_4)
FNDA:0,(anonymous_5)
FNDA:0,(anonymous_6)
DA:8,0
DA:23,0
DA:24,0
DA:25,0
DA:26,0
DA:27,0
DA:29,0
DA:30,0
DA:34,0
DA:35,0
DA:36,0
DA:37,0
DA:38,0
DA:39,0
DA:41,0
DA:43,0
DA:44,0
DA:48,0
DA:49,0
DA:51,0
DA:52,0
DA:56,0
DA:57,0
DA:60,0
DA:61,0
DA:62,0
DA:64,0
DA:65,0
DA:68,0
DA:69,0
DA:70,0
DA:71,0
DA:72,0
DA:73,0
DA:74,0
DA:75,0
DA:76,0
DA:78,0
DA:85,0
DA:86,0
DA:87,0
DA:90,0
DA:91,0
DA:94,0
DA:95,0
DA:96,0
DA:97,0
DA:98,0
DA:99,0
DA:101,0
DA:108,0
DA:109,0
DA:110,0
DA:111,0
DA:112,0
DA:113,0
DA:115,0
DA:121,0
DA:124,0
DA:125,0
DA:127,0
DA:128,0
DA:129,0
DA:131,0
DA:135,0
DA:136,0
DA:137,0
DA:139,0
DA:140,0
DA:141,0
DA:142,0
DA:143,0
DA:144,0
DA:147,0
DA:148,0
DA:150,0
DA:151,0
DA:154,0
DA:156,0
DA:157,0
DA:158,0
DA:159,0
DA:161,0
DA:165,0
DA:167,0
DA:168,0
DA:169,0
DA:170,0
DA:172,0
DA:176,0
DA:177,0
DA:179,0
DA:180,0
DA:182,0
DA:183,0
DA:186,0
DA:187,0
DA:188,0
DA:190,0
DA:192,0
DA:193,0
DA:195,0
DA:196,0
DA:200,0
DA:201,0
DA:202,0
DA:204,0
DA:205,0
DA:208,0
DA:209,0
DA:210,0
DA:211,0
DA:213,0
DA:215,0
DA:216,0
DA:220,0
DA:221,0
DA:222,0
DA:223,0
DA:224,0
DA:226,0
DA:227,0
LF:122
LH:0
BRDA:14,0,0,0
BRDA:14,0,1,0
BRDA:17,1,0,0
BRDA:17,1,1,0
BRDA:18,2,0,0
BRDA:18,2,1,0
BRDA:38,3,0,0
BRDA:38,3,1,0
BRDA:51,4,0,0
BRDA:51,4,1,0
BRDA:51,5,0,0
BRDA:51,5,1,0
BRDA:51,5,2,0
BRDA:56,6,0,0
BRDA:56,6,1,0
BRDA:56,7,0,0
BRDA:56,7,1,0
BRDA:75,8,0,0
BRDA:75,8,1,0
BRDA:86,9,0,0
BRDA:86,9,1,0
BRDA:90,10,0,0
BRDA:90,10,1,0
BRDA:90,11,0,0
BRDA:90,11,1,0
BRDA:128,12,0,0
BRDA:128,12,1,0
BRDA:128,13,0,0
BRDA:128,13,1,0
BRDA:143,14,0,0
BRDA:143,14,1,0
BRDA:150,15,0,0
BRDA:150,15,1,0
BRDA:150,16,0,0
BRDA:150,16,1,0
BRDA:151,17,0,0
BRDA:151,17,1,0
BRDA:151,18,0,0
BRDA:151,18,1,0
BRDA:154,19,0,0
BRDA:154,19,1,0
BRDA:154,20,0,0
BRDA:154,20,1,0
BRDA:154,20,2,0
BRDA:157,21,0,0
BRDA:157,21,1,0
BRDA:165,22,0,0
BRDA:165,22,1,0
BRDA:165,23,0,0
BRDA:165,23,1,0
BRDA:165,23,2,0
BRDA:168,24,0,0
BRDA:168,24,1,0
BRDA:176,25,0,0
BRDA:176,25,1,0
BRDA:177,26,0,0
BRDA:177,26,1,0
BRDA:182,27,0,0
BRDA:182,27,1,0
BRDA:204,28,0,0
BRDA:204,28,1,0
BRF:61
BRH:0
end_of_record
TN:
SF:src/db/schemas/npi.schema.js
FNF:0
FNH:0
DA:3,0
DA:49,0
DA:63,0
DA:81,0
DA:93,0
LF:5
LH:0
BRF:0
BRH:0
end_of_record
TN:
SF:src/middleware/auth.middleware.js
FN:10,(anonymous_0)
FNF:1
FNH:0
FNDA:0,(anonymous_0)
DA:4,0
DA:10,0
DA:11,0
DA:12,0
DA:14,0
DA:15,0
DA:24,0
DA:25,0
DA:28,0
DA:33,0
DA:35,0
DA:36,0
DA:44,0
LF:13
LH:0
BRDA:4,0,0,0
BRDA:4,0,1,0
BRDA:12,1,0,0
BRDA:12,1,1,0
BRDA:14,2,0,0
BRDA:14,2,1,0
BRDA:35,3,0,0
BRDA:35,3,1,0
BRF:8
BRH:0
end_of_record
TN:
SF:src/middleware/correlation-id.middleware.js
FN:29,(anonymous_0)
FN:58,(anonymous_1)
FNF:2
FNH:0
FNDA:0,(anonymous_0)
FNDA:0,(anonymous_1)
DA:14,0
DA:29,0
DA:31,0
DA:34,0
DA:37,0
DA:40,0
DA:49,0
DA:58,0
DA:59,0
LF:9
LH:0
BRDA:31,0,0,0
BRDA:31,0,1,0
BRDA:59,1,0,0
BRDA:59,1,1,0
BRF:4
BRH:0
end_of_record
TN:
SF:src/middleware/error-handler.middleware.ts
FN:22,(anonymous_0)
FN:61,(anonymous_1)
FN:120,(anonymous_2)
FN:123,(anonymous_3)
FNF:4
FNH:2
FNDA:3,(anonymous_0)
FNDA:3,(anonymous_1)
FNDA:0,(anonymous_2)
FNDA:0,(anonymous_3)
DA:27,3
DA:28,3
DA:29,3
DA:32,3
DA:35,3
DA:61,1
DA:68,3
DA:69,3
DA:72,3
DA:85,3
DA:86,3
DA:87,0
DA:91,3
DA:100,3
DA:101,3
DA:105,3
DA:106,0
DA:110,3
DA:120,1
DA:123,0
DA:124,0
LF:21
LH:17
BRDA:24,0,0,0
BRDA:25,1,0,0
BRDA:68,2,0,3
BRDA:68,2,1,0
BRDA:69,3,0,3
BRDA:69,3,1,0
BRDA:86,4,0,0
BRDA:86,4,1,3
BRDA:86,5,0,3
BRDA:86,5,1,0
BRDA:100,6,0,3
BRDA:100,6,1,0
BRDA:105,7,0,0
BRDA:105,7,1,3
BRF:14
BRH:6
end_of_record
TN:
SF:src/middleware/file-upload.middleware.js
FN:27,(anonymous_0)
FN:30,(anonymous_1)
FN:41,(anonymous_2)
FN:83,(anonymous_3)
FN:84,(anonymous_4)
FN:87,(anonymous_5)
FN:148,(anonymous_6)
FN:149,(anonymous_7)
FN:152,(anonymous_8)
FN:215,(anonymous_9)
FN:228,(anonymous_10)
FN:244,(anonymous_11)
FN:251,(anonymous_12)
FNF:13
FNH:0
FNDA:0,(anonymous_0)
FNDA:0,(anonymous_1)
FNDA:0,(anonymous_2)
FNDA:0,(anonymous_3)
FNDA:0,(anonymous_4)
FNDA:0,(anonymous_5)
FNDA:0,(anonymous_6)
FNDA:0,(anonymous_7)
FNDA:0,(anonymous_8)
FNDA:0,(anonymous_9)
FNDA:0,(anonymous_10)
FNDA:0,(anonymous_11)
FNDA:0,(anonymous_12)
DA:13,0
DA:14,0
DA:17,0
DA:18,0
DA:19,0
DA:20,0
DA:26,0
DA:28,0
DA:32,0
DA:33,0
DA:41,0
DA:42,0
DA:43,0
DA:44,0
DA:46,0
DA:56,0
DA:57,0
DA:59,0
DA:60,0
DA:61,0
DA:63,0
DA:64,0
DA:72,0
DA:83,0
DA:84,0
DA:85,0
DA:87,0
DA:88,0
DA:89,0
DA:91,0
DA:92,0
DA:105,0
DA:116,0
DA:117,0
DA:119,0
DA:133,0
DA:134,0
DA:135,0
DA:136,0
DA:137,0
DA:140,0
DA:148,0
DA:149,0
DA:150,0
DA:152,0
DA:153,0
DA:154,0
DA:156,0
DA:157,0
DA:170,0
DA:171,0
DA:184,0
DA:195,0
DA:196,0
DA:198,0
DA:212,0
DA:213,0
DA:214,0
DA:215,0
DA:216,0
DA:220,0
DA:228,0
DA:229,0
DA:231,0
DA:232,0
DA:233,0
DA:234,0
DA:237,0
DA:238,0
DA:244,0
DA:245,0
DA:251,0
DA:252,0
DA:253,0
LF:74
LH:0
BRDA:18,0,0,0
BRDA:18,0,1,0
BRDA:59,1,0,0
BRDA:59,1,1,0
BRDA:59,2,0,0
BRDA:59,2,1,0
BRDA:83,3,0,0
BRDA:88,4,0,0
BRDA:88,4,1,0
BRDA:91,5,0,0
BRDA:91,5,1,0
BRDA:116,6,0,0
BRDA:116,6,1,0
BRDA:133,7,0,0
BRDA:133,7,1,0
BRDA:148,8,0,0
BRDA:148,9,0,0
BRDA:153,10,0,0
BRDA:153,10,1,0
BRDA:156,11,0,0
BRDA:156,11,1,0
BRDA:170,12,0,0
BRDA:170,12,1,0
BRDA:195,13,0,0
BRDA:195,13,1,0
BRDA:212,14,0,0
BRDA:212,14,1,0
BRDA:212,15,0,0
BRDA:212,15,1,0
BRDA:231,16,0,0
BRDA:231,16,1,0
BRF:31
BRH:0
end_of_record
TN:
SF:src/middleware/fileUpload.js
FN:17,(anonymous_0)
FN:20,(anonymous_1)
FNF:2
FNH:0
FNDA:0,(anonymous_0)
FNDA:0,(anonymous_1)
DA:7,0
DA:8,0
DA:11,0
DA:12,0
DA:13,0
DA:16,0
DA:18,0
DA:22,0
DA:23,0
DA:27,0
LF:10
LH:0
BRDA:12,0,0,0
BRDA:12,0,1,0
BRF:2
BRH:0
end_of_record
TN:
SF:src/middleware/qmqa-permission.middleware.js
FN:12,(anonymous_0)
FN:70,(anonymous_1)
FN:136,(anonymous_2)
FN:173,(anonymous_3)
FN:205,(anonymous_4)
FNF:5
FNH:0
FNDA:0,(anonymous_0)
FNDA:0,(anonymous_1)
FNDA:0,(anonymous_2)
FNDA:0,(anonymous_3)
FNDA:0,(anonymous_4)
DA:12,0
DA:13,0
DA:14,0
DA:15,0
DA:16,0
DA:18,0
DA:19,0
DA:20,0
DA:23,0
DA:24,0
DA:25,0
DA:29,0
DA:30,0
DA:31,0
DA:41,0
DA:42,0
DA:43,0
DA:46,0
DA:47,0
DA:55,0
DA:56,0
DA:70,0
DA:71,0
DA:72,0
DA:73,0
DA:74,0
DA:76,0
DA:77,0
DA:78,0
DA:81,0
DA:82,0
DA:83,0
DA:87,0
DA:88,0
DA:89,0
DA:99,0
DA:100,0
DA:103,0
DA:104,0
DA:106,0
DA:107,0
DA:108,0
DA:111,0
DA:112,0
DA:120,0
DA:121,0
DA:136,0
DA:137,0
DA:138,0
DA:139,0
DA:140,0
DA:142,0
DA:143,0
DA:144,0
DA:147,0
DA:148,0
DA:149,0
DA:153,0
DA:154,0
DA:155,0
DA:165,0
DA:166,0
DA:167,0
DA:168,0
DA:169,0
DA:170,0
DA:173,0
DA:175,0
DA:177,0
DA:178,0
DA:181,0
DA:182,0
DA:190,0
DA:191,0
DA:205,0
DA:206,0
DA:207,0
DA:209,0
DA:210,0
DA:211,0
DA:214,0
DA:215,0
DA:216,0
DA:217,0
DA:221,0
DA:226,0
DA:227,0
LF:87
LH:0
BRDA:23,0,0,0
BRDA:23,0,1,0
BRDA:23,1,0,0
BRDA:23,1,1,0
BRDA:30,2,0,0
BRDA:30,2,1,0
BRDA:41,3,0,0
BRDA:41,3,1,0
BRDA:81,4,0,0
BRDA:81,4,1,0
BRDA:81,5,0,0
BRDA:81,5,1,0
BRDA:88,6,0,0
BRDA:88,6,1,0
BRDA:106,7,0,0
BRDA:106,7,1,0
BRDA:106,8,0,0
BRDA:106,8,1,0
BRDA:106,8,2,0
BRDA:106,8,3,0
BRDA:147,9,0,0
BRDA:147,9,1,0
BRDA:147,10,0,0
BRDA:147,10,1,0
BRDA:154,11,0,0
BRDA:154,11,1,0
BRDA:175,12,0,0
BRDA:175,12,1,0
BRDA:175,13,0,0
BRDA:175,13,1,0
BRDA:175,13,2,0
BRDA:175,13,3,0
BRDA:175,13,4,0
BRDA:175,13,5,0
BRDA:175,13,6,0
BRDA:214,14,0,0
BRDA:214,14,1,0
BRDA:214,15,0,0
BRDA:214,15,1,0
BRF:39
BRH:0
end_of_record
TN:
SF:src/middleware/validation.middleware.ts
FN:43,(anonymous_0)
FN:44,(anonymous_1)
FN:75,(anonymous_2)
FNF:3
FNH:2
FNDA:14,(anonymous_0)
FNDA:7,(anonymous_1)
FNDA:0,(anonymous_2)
DA:43,1
DA:44,14
DA:45,7
DA:47,7
DA:48,7
DA:52,4
DA:53,0
DA:57,4
DA:58,0
DA:62,4
DA:71,4
DA:73,3
DA:75,3
DA:81,3
DA:90,3
DA:97,3
DA:100,3
DA:102,3
DA:105,0
LF:19
LH:16
BRDA:47,0,0,7
BRDA:47,0,1,0
BRDA:52,1,0,0
BRDA:52,1,1,4
BRDA:57,2,0,0
BRDA:57,2,1,4
BRDA:73,3,0,3
BRDA:73,3,1,0
BRDA:75,4,0,3
BRDA:75,4,1,3
BRF:10
BRH:6
end_of_record
TN:
SF:src/repositories/base.repository.js
FN:7,(anonymous_0)
FN:17,(anonymous_1)
FN:19,(anonymous_2)
FN:35,(anonymous_3)
FN:40,(anonymous_4)
FN:60,(anonymous_5)
FN:72,(anonymous_6)
FN:77,(anonymous_7)
FN:97,(anonymous_8)
FNF:9
FNH:0
FNDA:0,(anonymous_0)
FNDA:0,(anonymous_1)
FNDA:0,(anonymous_2)
FNDA:0,(anonymous_3)
FNDA:0,(anonymous_4)
FNDA:0,(anonymous_5)
FNDA:0,(anonymous_6)
FNDA:0,(anonymous_7)
FNDA:0,(anonymous_8)
DA:8,0
DA:9,0
DA:10,0
DA:18,0
DA:19,0
DA:20,0
DA:21,0
DA:24,0
DA:27,0
DA:36,0
DA:37,0
DA:38,0
DA:40,0
DA:41,0
DA:42,0
DA:43,0
DA:44,0
DA:45,0
DA:49,0
DA:51,0
DA:52,0
DA:61,0
DA:62,0
DA:73,0
DA:74,0
DA:76,0
DA:77,0
DA:78,0
DA:79,0
DA:80,0
DA:81,0
DA:85,0
DA:87,0
DA:88,0
DA:98,0
DA:99,0
DA:100,0
LF:37
LH:0
BRDA:10,0,0,0
BRDA:10,0,1,0
BRDA:21,1,0,0
BRDA:21,1,1,0
BRDA:41,2,0,0
BRDA:41,2,1,0
BRDA:49,3,0,0
BRDA:49,3,1,0
BRDA:78,4,0,0
BRDA:78,4,1,0
BRDA:78,5,0,0
BRDA:78,5,1,0
BRDA:85,6,0,0
BRDA:85,6,1,0
BRF:14
BRH:0
end_of_record
TN:
SF:src/repositories/fiveM1E.repository.js
FN:11,(anonymous_0)
FN:23,(anonymous_1)
FN:26,(anonymous_2)
FN:69,(anonymous_3)
FN:95,(anonymous_4)
FN:111,(anonymous_5)
FN:131,(anonymous_6)
FN:136,(anonymous_7)
FN:149,(anonymous_8)
FN:154,(anonymous_9)
FN:161,(anonymous_10)
FN:166,(anonymous_11)
FN:180,(anonymous_12)
FN:185,(anonymous_13)
FN:199,(anonymous_14)
FN:217,(anonymous_15)
FN:236,(anonymous_16)
FNF:17
FNH:0
FNDA:0,(anonymous_0)
FNDA:0,(anonymous_1)
FNDA:0,(anonymous_2)
FNDA:0,(anonymous_3)
FNDA:0,(anonymous_4)
FNDA:0,(anonymous_5)
FNDA:0,(anonymous_6)
FNDA:0,(anonymous_7)
FNDA:0,(anonymous_8)
FNDA:0,(anonymous_9)
FNDA:0,(anonymous_10)
FNDA:0,(anonymous_11)
FNDA:0,(anonymous_12)
FNDA:0,(anonymous_13)
FNDA:0,(anonymous_14)
FNDA:0,(anonymous_15)
FNDA:0,(anonymous_16)
DA:4,0
DA:12,0
DA:13,0
DA:14,0
DA:15,0
DA:24,0
DA:26,0
DA:27,0
DA:32,0
DA:33,0
DA:34,0
DA:35,0
DA:36,0
DA:37,0
DA:38,0
DA:39,0
DA:40,0
DA:41,0
DA:42,0
DA:43,0
DA:44,0
DA:45,0
DA:46,0
DA:47,0
DA:48,0
DA:49,0
DA:50,0
DA:51,0
DA:52,0
DA:54,0
DA:70,0
DA:71,0
DA:72,0
DA:73,0
DA:74,0
DA:75,0
DA:76,0
DA:77,0
DA:78,0
DA:79,0
DA:81,0
DA:96,0
DA:97,0
DA:98,0
DA:99,0
DA:100,0
DA:101,0
DA:102,0
DA:112,0
DA:113,0
DA:114,0
DA:115,0
DA:116,0
DA:117,0
DA:118,0
DA:119,0
DA:120,0
DA:132,0
DA:133,0
DA:137,0
DA:143,0
DA:144,0
DA:145,0
DA:146,0
DA:150,0
DA:151,0
DA:155,0
DA:156,0
DA:157,0
DA:158,0
DA:162,0
DA:163,0
DA:164,0
DA:166,0
DA:167,0
DA:168,0
DA:169,0
DA:170,0
DA:174,0
DA:175,0
DA:176,0
DA:181,0
DA:182,0
DA:183,0
DA:185,0
DA:186,0
DA:187,0
DA:188,0
DA:189,0
DA:193,0
DA:194,0
DA:195,0
DA:200,0
DA:201,0
DA:202,0
DA:203,0
DA:204,0
DA:205,0
DA:206,0
DA:207,0
DA:208,0
DA:209,0
DA:210,0
DA:218,0
DA:219,0
DA:220,0
DA:221,0
DA:222,0
DA:223,0
DA:224,0
DA:225,0
DA:226,0
DA:227,0
DA:228,0
DA:229,0
DA:237,0
DA:238,0
DA:239,0
LF:118
LH:0
BRDA:11,0,0,0
BRDA:15,1,0,0
BRDA:15,1,1,0
BRDA:35,2,0,0
BRDA:35,2,1,0
BRDA:36,3,0,0
BRDA:36,3,1,0
BRDA:37,4,0,0
BRDA:37,4,1,0
BRDA:38,5,0,0
BRDA:38,5,1,0
BRDA:39,6,0,0
BRDA:39,6,1,0
BRDA:40,7,0,0
BRDA:40,7,1,0
BRDA:41,8,0,0
BRDA:41,8,1,0
BRDA:42,9,0,0
BRDA:42,9,1,0
BRDA:43,10,0,0
BRDA:43,10,1,0
BRDA:44,11,0,0
BRDA:44,11,1,0
BRDA:48,12,0,0
BRDA:48,12,1,0
BRDA:49,13,0,0
BRDA:49,13,1,0
BRDA:50,14,0,0
BRDA:50,14,1,0
BRDA:51,15,0,0
BRDA:51,15,1,0
BRDA:52,16,0,0
BRDA:52,16,1,0
BRDA:133,17,0,0
BRDA:133,17,1,0
BRDA:158,18,0,0
BRDA:158,18,1,0
BRDA:167,19,0,0
BRDA:167,19,1,0
BRDA:174,20,0,0
BRDA:174,20,1,0
BRDA:186,21,0,0
BRDA:186,21,1,0
BRDA:193,22,0,0
BRDA:193,22,1,0
BRDA:236,23,0,0
BRF:46
BRH:0
end_of_record
TN:
SF:src/repositories/npi.repository.js
FN:12,(anonymous_0)
FN:23,(anonymous_1)
FN:75,(anonymous_2)
FN:96,(anonymous_3)
FN:200,(anonymous_4)
FN:208,(anonymous_5)
FN:216,(anonymous_6)
FN:222,(anonymous_7)
FN:230,(anonymous_8)
FNF:9
FNH:0
FNDA:0,(anonymous_0)
FNDA:0,(anonymous_1)
FNDA:0,(anonymous_2)
FNDA:0,(anonymous_3)
FNDA:0,(anonymous_4)
FNDA:0,(anonymous_5)
FNDA:0,(anonymous_6)
FNDA:0,(anonymous_7)
FNDA:0,(anonymous_8)
DA:13,0
DA:15,0
DA:16,0
DA:17,0
DA:18,0
DA:24,0
DA:25,0
DA:72,0
DA:76,0
DA:78,0
DA:79,0
DA:80,0
DA:81,0
DA:88,0
DA:97,0
DA:98,0
DA:100,0
DA:102,0
DA:104,0
DA:105,0
DA:106,0
DA:108,0
DA:109,0
DA:110,0
DA:112,0
DA:113,0
DA:114,0
DA:117,0
DA:118,0
DA:119,0
DA:121,0
DA:122,0
DA:123,0
DA:126,0
DA:198,0
DA:200,0
DA:209,0
DA:210,0
DA:213,0
DA:217,0
DA:218,0
DA:219,0
DA:223,0
DA:224,0
DA:225,0
DA:226,0
DA:231,0
DA:232,0
DA:236,0
DA:240,0
LF:50
LH:0
BRDA:72,0,0,0
BRDA:72,0,1,0
BRDA:96,1,0,0
BRDA:104,2,0,0
BRDA:104,2,1,0
BRDA:104,3,0,0
BRDA:104,3,1,0
BRDA:108,4,0,0
BRDA:108,4,1,0
BRDA:108,5,0,0
BRDA:108,5,1,0
BRDA:112,6,0,0
BRDA:112,6,1,0
BRDA:112,7,0,0
BRDA:112,7,1,0
BRDA:117,8,0,0
BRDA:117,8,1,0
BRDA:121,9,0,0
BRDA:121,9,1,0
BRDA:202,10,0,0
BRDA:202,10,1,0
BRDA:203,11,0,0
BRDA:203,11,1,0
BRDA:204,12,0,0
BRDA:204,12,1,0
BRDA:213,13,0,0
BRDA:213,13,1,0
BRDA:219,14,0,0
BRDA:219,14,1,0
BRF:29
BRH:0
end_of_record
TN:
SF:src/repositories/qmqa.repository.js
FN:17,(anonymous_0)
FN:61,(anonymous_1)
FN:80,(anonymous_2)
FN:94,(anonymous_3)
FN:100,(anonymous_4)
FN:131,(anonymous_5)
FN:150,(anonymous_6)
FN:217,(anonymous_7)
FN:227,(anonymous_8)
FN:247,(anonymous_9)
FN:271,(anonymous_10)
FN:277,(anonymous_11)
FN:308,(anonymous_12)
FN:327,(anonymous_13)
FN:357,(anonymous_14)
FN:387,(anonymous_15)
FN:413,(anonymous_16)
FN:460,(anonymous_17)
FN:488,(anonymous_18)
FN:516,(anonymous_19)
FN:544,(anonymous_20)
FN:560,(anonymous_21)
FN:623,(anonymous_22)
FN:666,(anonymous_23)
FN:766,(anonymous_24)
FN:819,(anonymous_25)
FNF:26
FNH:0
FNDA:0,(anonymous_0)
FNDA:0,(anonymous_1)
FNDA:0,(anonymous_2)
FNDA:0,(anonymous_3)
FNDA:0,(anonymous_4)
FNDA:0,(anonymous_5)
FNDA:0,(anonymous_6)
FNDA:0,(anonymous_7)
FNDA:0,(anonymous_8)
FNDA:0,(anonymous_9)
FNDA:0,(anonymous_10)
FNDA:0,(anonymous_11)
FNDA:0,(anonymous_12)
FNDA:0,(anonymous_13)
FNDA:0,(anonymous_14)
FNDA:0,(anonymous_15)
FNDA:0,(anonymous_16)
FNDA:0,(anonymous_17)
FNDA:0,(anonymous_18)
FNDA:0,(anonymous_19)
FNDA:0,(anonymous_20)
FNDA:0,(anonymous_21)
FNDA:0,(anonymous_22)
FNDA:0,(anonymous_23)
FNDA:0,(anonymous_24)
FNDA:0,(anonymous_25)
DA:10,0
DA:18,0
DA:20,0
DA:22,0
DA:23,0
DA:24,0
DA:25,0
DA:26,0
DA:27,0
DA:28,0
DA:29,0
DA:30,0
DA:31,0
DA:32,0
DA:33,0
DA:35,0
DA:48,0
DA:55,0
DA:62,0
DA:63,0
DA:64,0
DA:66,0
DA:68,0
DA:69,0
DA:71,0
DA:72,0
DA:74,0
DA:81,0
DA:82,0
DA:83,0
DA:85,0
DA:86,0
DA:88,0
DA:95,0
DA:96,0
DA:97,0
DA:98,0
DA:100,0
DA:101,0
DA:102,0
DA:103,0
DA:104,0
DA:108,0
DA:109,0
DA:110,0
DA:117,0
DA:124,0
DA:132,0
DA:133,0
DA:135,0
DA:137,0
DA:142,0
DA:151,0
DA:153,0
DA:155,0
DA:156,0
DA:157,0
DA:158,0
DA:159,0
DA:160,0
DA:161,0
DA:162,0
DA:163,0
DA:164,0
DA:165,0
DA:166,0
DA:167,0
DA:168,0
DA:169,0
DA:170,0
DA:171,0
DA:172,0
DA:173,0
DA:174,0
DA:175,0
DA:176,0
DA:177,0
DA:178,0
DA:179,0
DA:180,0
DA:181,0
DA:182,0
DA:184,0
DA:205,0
DA:211,0
DA:218,0
DA:221,0
DA:228,0
DA:229,0
DA:230,0
DA:232,0
DA:233,0
DA:235,0
DA:236,0
DA:238,0
DA:239,0
DA:241,0
DA:248,0
DA:249,0
DA:250,0
DA:252,0
DA:253,0
DA:255,0
DA:256,0
DA:258,0
DA:259,0
DA:262,0
DA:263,0
DA:265,0
DA:272,0
DA:273,0
DA:274,0
DA:275,0
DA:277,0
DA:278,0
DA:279,0
DA:280,0
DA:281,0
DA:285,0
DA:286,0
DA:287,0
DA:294,0
DA:301,0
DA:309,0
DA:310,0
DA:312,0
DA:314,0
DA:319,0
DA:328,0
DA:330,0
DA:331,0
DA:332,0
DA:333,0
DA:334,0
DA:335,0
DA:336,0
DA:337,0
DA:338,0
DA:340,0
DA:351,0
DA:358,0
DA:360,0
DA:361,0
DA:362,0
DA:363,0
DA:364,0
DA:365,0
DA:366,0
DA:367,0
DA:368,0
DA:370,0
DA:381,0
DA:388,0
DA:390,0
DA:391,0
DA:392,0
DA:393,0
DA:394,0
DA:395,0
DA:396,0
DA:398,0
DA:407,0
DA:414,0
DA:416,0
DA:417,0
DA:418,0
DA:419,0
DA:420,0
DA:421,0
DA:422,0
DA:423,0
DA:424,0
DA:425,0
DA:426,0
DA:427,0
DA:428,0
DA:429,0
DA:430,0
DA:431,0
DA:432,0
DA:433,0
DA:434,0
DA:435,0
DA:436,0
DA:438,0
DA:454,0
DA:461,0
DA:463,0
DA:464,0
DA:465,0
DA:466,0
DA:467,0
DA:468,0
DA:469,0
DA:470,0
DA:472,0
DA:482,0
DA:489,0
DA:491,0
DA:492,0
DA:493,0
DA:494,0
DA:495,0
DA:496,0
DA:497,0
DA:498,0
DA:500,0
DA:510,0
DA:517,0
DA:519,0
DA:520,0
DA:521,0
DA:522,0
DA:523,0
DA:524,0
DA:525,0
DA:526,0
DA:528,0
DA:538,0
DA:545,0
DA:546,0
DA:549,0
DA:550,0
DA:552,0
DA:554,0
DA:561,0
DA:562,0
DA:563,0
DA:564,0
DA:567,0
DA:572,0
DA:577,0
DA:585,0
DA:589,0
DA:590,0
DA:591,0
DA:592,0
DA:595,0
DA:598,0
DA:601,0
DA:605,0
DA:606,0
DA:607,0
DA:610,0
DA:624,0
DA:625,0
DA:626,0
DA:628,0
DA:631,0
DA:642,0
DA:643,0
DA:647,0
DA:658,0
DA:667,0
DA:668,0
DA:669,0
DA:671,0
DA:672,0
DA:675,0
DA:676,0
DA:677,0
DA:681,0
DA:682,0
DA:683,0
DA:687,0
DA:688,0
DA:689,0
DA:693,0
DA:694,0
DA:695,0
DA:698,0
DA:699,0
DA:700,0
DA:704,0
DA:705,0
DA:712,0
DA:715,0
DA:718,0
DA:725,0
DA:726,0
DA:729,0
DA:730,0
DA:732,0
DA:753,0
DA:755,0
DA:757,0
DA:767,0
DA:768,0
DA:769,0
DA:771,0
DA:772,0
DA:774,0
DA:810,0
DA:811,0
DA:813,0
DA:820,0
DA:821,0
DA:822,0
DA:824,0
DA:827,0
DA:828,0
DA:829,0
DA:832,0
DA:833,0
DA:834,0
DA:838,0
DA:839,0
DA:840,0
DA:843,0
DA:845,0
DA:868,0
DA:869,0
DA:871,0
LF:313
LH:0
BRDA:69,0,0,0
BRDA:69,0,1,0
BRDA:71,1,0,0
BRDA:71,1,1,0
BRDA:86,2,0,0
BRDA:86,2,1,0
BRDA:88,3,0,0
BRDA:88,3,1,0
BRDA:101,4,0,0
BRDA:101,4,1,0
BRDA:108,5,0,0
BRDA:108,5,1,0
BRDA:236,6,0,0
BRDA:236,6,1,0
BRDA:238,7,0,0
BRDA:238,7,1,0
BRDA:247,8,0,0
BRDA:247,9,0,0
BRDA:247,10,0,0
BRDA:252,11,0,0
BRDA:252,11,1,0
BRDA:255,12,0,0
BRDA:255,12,1,0
BRDA:258,13,0,0
BRDA:258,13,1,0
BRDA:263,14,0,0
BRDA:263,14,1,0
BRDA:265,15,0,0
BRDA:265,15,1,0
BRDA:278,16,0,0
BRDA:278,16,1,0
BRDA:285,17,0,0
BRDA:285,17,1,0
BRDA:590,18,0,0
BRDA:590,18,1,0
BRDA:590,19,0,0
BRDA:590,19,1,0
BRDA:605,20,0,0
BRDA:605,20,1,0
BRDA:606,21,0,0
BRDA:606,21,1,0
BRDA:607,22,0,0
BRDA:607,22,1,0
BRDA:611,23,0,0
BRDA:611,23,1,0
BRDA:612,24,0,0
BRDA:612,24,1,0
BRDA:613,25,0,0
BRDA:613,25,1,0
BRDA:642,26,0,0
BRDA:642,26,1,0
BRDA:642,27,0,0
BRDA:642,27,1,0
BRDA:658,28,0,0
BRDA:658,28,1,0
BRDA:675,29,0,0
BRDA:675,29,1,0
BRDA:681,30,0,0
BRDA:681,30,1,0
BRDA:687,31,0,0
BRDA:687,31,1,0
BRDA:693,32,0,0
BRDA:693,32,1,0
BRDA:698,33,0,0
BRDA:698,33,1,0
BRDA:704,34,0,0
BRDA:704,34,1,0
BRDA:704,35,0,0
BRDA:704,35,1,0
BRDA:715,36,0,0
BRDA:715,36,1,0
BRDA:758,37,0,0
BRDA:758,37,1,0
BRDA:813,38,0,0
BRDA:813,38,1,0
BRDA:827,39,0,0
BRDA:827,39,1,0
BRDA:832,40,0,0
BRDA:832,40,1,0
BRDA:838,41,0,0
BRDA:838,41,1,0
BRDA:843,42,0,0
BRDA:843,42,1,0
BRDA:871,43,0,0
BRDA:871,43,1,0
BRF:85
BRH:0
end_of_record
TN:
SF:src/repositories/sqmp.repository.js
FN:9,(anonymous_0)
FN:63,(anonymous_1)
FN:91,(anonymous_2)
FN:119,(anonymous_3)
FN:142,(anonymous_4)
FN:160,(anonymous_5)
FN:173,(anonymous_6)
FN:203,(anonymous_7)
FN:209,(anonymous_8)
FN:226,(anonymous_9)
FNF:10
FNH:0
FNDA:0,(anonymous_0)
FNDA:0,(anonymous_1)
FNDA:0,(anonymous_2)
FNDA:0,(anonymous_3)
FNDA:0,(anonymous_4)
FNDA:0,(anonymous_5)
FNDA:0,(anonymous_6)
FNDA:0,(anonymous_7)
FNDA:0,(anonymous_8)
FNDA:0,(anonymous_9)
DA:4,0
DA:10,0
DA:11,0
DA:12,0
DA:13,0
DA:15,0
DA:17,0
DA:18,0
DA:19,0
DA:20,0
DA:21,0
DA:22,0
DA:23,0
DA:24,0
DA:25,0
DA:26,0
DA:27,0
DA:28,0
DA:29,0
DA:30,0
DA:31,0
DA:33,0
DA:34,0
DA:35,0
DA:36,0
DA:37,0
DA:39,0
DA:40,0
DA:41,0
DA:43,0
DA:64,0
DA:65,0
DA:66,0
DA:67,0
DA:68,0
DA:69,0
DA:70,0
DA:71,0
DA:72,0
DA:73,0
DA:74,0
DA:76,0
DA:92,0
DA:93,0
DA:94,0
DA:95,0
DA:96,0
DA:97,0
DA:98,0
DA:99,0
DA:100,0
DA:101,0
DA:102,0
DA:104,0
DA:120,0
DA:121,0
DA:122,0
DA:123,0
DA:124,0
DA:125,0
DA:126,0
DA:127,0
DA:129,0
DA:143,0
DA:144,0
DA:145,0
DA:147,0
DA:148,0
DA:150,0
DA:151,0
DA:152,0
DA:153,0
DA:154,0
DA:161,0
DA:162,0
DA:163,0
DA:165,0
DA:166,0
DA:167,0
DA:174,0
DA:175,0
DA:176,0
DA:177,0
DA:180,0
DA:183,0
DA:186,0
DA:193,0
DA:204,0
DA:205,0
DA:206,0
DA:207,0
DA:209,0
DA:210,0
DA:211,0
DA:212,0
DA:213,0
DA:217,0
DA:218,0
DA:219,0
DA:227,0
DA:228,0
DA:230,0
DA:231,0
DA:232,0
LF:104
LH:0
BRDA:151,0,0,0
BRDA:151,0,1,0
BRDA:152,1,0,0
BRDA:152,1,1,0
BRDA:166,2,0,0
BRDA:166,2,1,0
BRDA:167,3,0,0
BRDA:167,3,1,0
BRDA:194,4,0,0
BRDA:194,4,1,0
BRDA:195,5,0,0
BRDA:195,5,1,0
BRDA:196,6,0,0
BRDA:196,6,1,0
BRDA:210,7,0,0
BRDA:210,7,1,0
BRDA:217,8,0,0
BRDA:217,8,1,0
BRF:18
BRH:0
end_of_record
TN:
SF:src/repositories/sqpr.repository.js
FN:8,(anonymous_0)
FN:32,(anonymous_1)
FN:74,(anonymous_2)
FN:101,(anonymous_3)
FN:123,(anonymous_4)
FN:147,(anonymous_5)
FN:160,(anonymous_6)
FN:193,(anonymous_7)
FN:198,(anonymous_8)
FN:215,(anonymous_9)
FN:224,(anonymous_10)
FNF:11
FNH:0
FNDA:0,(anonymous_0)
FNDA:0,(anonymous_1)
FNDA:0,(anonymous_2)
FNDA:0,(anonymous_3)
FNDA:0,(anonymous_4)
FNDA:0,(anonymous_5)
FNDA:0,(anonymous_6)
FNDA:0,(anonymous_7)
FNDA:0,(anonymous_8)
FNDA:0,(anonymous_9)
FNDA:0,(anonymous_10)
DA:4,0
DA:9,0
DA:11,0
DA:12,0
DA:14,0
DA:15,0
DA:26,0
DA:33,0
DA:36,0
DA:37,0
DA:38,0
DA:39,0
DA:40,0
DA:41,0
DA:42,0
DA:43,0
DA:44,0
DA:45,0
DA:46,0
DA:47,0
DA:48,0
DA:49,0
DA:50,0
DA:51,0
DA:52,0
DA:53,0
DA:54,0
DA:56,0
DA:75,0
DA:76,0
DA:77,0
DA:78,0
DA:79,0
DA:80,0
DA:81,0
DA:82,0
DA:83,0
DA:84,0
DA:86,0
DA:102,0
DA:103,0
DA:104,0
DA:105,0
DA:106,0
DA:107,0
DA:108,0
DA:110,0
DA:124,0
DA:125,0
DA:127,0
DA:128,0
DA:130,0
DA:132,0
DA:133,0
DA:135,0
DA:136,0
DA:138,0
DA:141,0
DA:148,0
DA:149,0
DA:151,0
DA:152,0
DA:154,0
DA:161,0
DA:164,0
DA:167,0
DA:168,0
DA:169,0
DA:170,0
DA:172,0
DA:175,0
DA:176,0
DA:177,0
DA:183,0
DA:185,0
DA:187,0
DA:194,0
DA:195,0
DA:196,0
DA:198,0
DA:199,0
DA:200,0
DA:201,0
DA:202,0
DA:206,0
DA:207,0
DA:208,0
DA:216,0
DA:217,0
DA:218,0
DA:225,0
DA:226,0
DA:227,0
LF:93
LH:0
BRDA:45,0,0,0
BRDA:45,0,1,0
BRDA:46,1,0,0
BRDA:46,1,1,0
BRDA:47,2,0,0
BRDA:47,2,1,0
BRDA:133,3,0,0
BRDA:133,3,1,0
BRDA:135,4,0,0
BRDA:135,4,1,0
BRDA:152,5,0,0
BRDA:152,5,1,0
BRDA:154,6,0,0
BRDA:154,6,1,0
BRDA:170,7,0,0
BRDA:170,7,1,0
BRDA:183,8,0,0
BRDA:183,8,1,0
BRDA:199,9,0,0
BRDA:199,9,1,0
BRDA:206,10,0,0
BRDA:206,10,1,0
BRF:22
BRH:0
end_of_record
TN:
SF:src/repositories/queries/fiveM1E.queries.js
FNF:0
FNH:0
DA:6,0
LF:1
LH:0
BRF:0
BRH:0
end_of_record
TN:
SF:src/repositories/queries/qmqa.queries.js
FNF:0
FNH:0
DA:5,0
LF:1
LH:0
BRF:0
BRH:0
end_of_record
TN:
SF:src/repositories/queries/sqmp.queries.js
FNF:0
FNH:0
DA:5,0
LF:1
LH:0
BRF:0
BRH:0
end_of_record
TN:
SF:src/repositories/queries/sqpr.queries.js
FNF:0
FNH:0
DA:6,0
LF:1
LH:0
BRF:0
BRH:0
end_of_record
TN:
SF:src/routes/auth.routes.js
FNF:0
FNH:0
DA:4,0
DA:6,0
DA:7,0
DA:8,0
DA:9,0
DA:10,0
DA:11,0
LF:7
LH:0
BRF:0
BRH:0
end_of_record
TN:
SF:src/routes/fiveM1E.routes.js
FNF:0
FNH:0
DA:5,0
DA:8,0
DA:10,0
DA:11,0
DA:12,0
DA:13,0
DA:14,0
DA:15,0
LF:8
LH:0
BRF:0
BRH:0
end_of_record
TN:
SF:src/routes/masterData.routes.js
FNF:0
FNH:0
DA:53,0
DA:55,0
DA:58,0
DA:59,0
DA:60,0
DA:61,0
DA:63,0
DA:64,0
DA:65,0
DA:66,0
DA:68,0
DA:71,0
DA:72,0
DA:73,0
DA:74,0
DA:76,0
DA:77,0
DA:78,0
DA:79,0
DA:82,0
DA:83,0
DA:85,0
DA:86,0
DA:88,0
DA:89,0
DA:91,0
DA:92,0
DA:94,0
DA:95,0
DA:96,0
DA:97,0
DA:99,0
DA:100,0
DA:102,0
DA:103,0
DA:104,0
DA:105,0
DA:107,0
DA:108,0
DA:109,0
DA:110,0
DA:112,0
DA:113,0
DA:114,0
DA:115,0
DA:117,0
DA:118,0
DA:119,0
DA:120,0
DA:122,0
DA:125,0
DA:126,0
DA:127,0
DA:128,0
DA:131,0
DA:132,0
DA:133,0
DA:134,0
DA:141,0
DA:142,0
DA:143,0
DA:144,0
DA:147,0
DA:148,0
DA:149,0
DA:150,0
DA:153,0
DA:154,0
DA:155,0
DA:156,0
DA:159,0
DA:160,0
DA:161,0
DA:162,0
DA:166,0
DA:167,0
DA:168,0
DA:169,0
DA:176,0
DA:177,0
DA:178,0
DA:181,0
DA:182,0
DA:183,0
DA:186,0
DA:187,0
DA:188,0
DA:189,0
DA:192,0
DA:193,0
DA:194,0
DA:195,0
DA:198,0
DA:199,0
DA:200,0
DA:201,0
DA:204,0
DA:205,0
DA:206,0
DA:207,0
DA:208,0
DA:215,0
DA:216,0
DA:217,0
DA:218,0
DA:221,0
DA:222,0
DA:223,0
DA:224,0
DA:227,0
DA:228,0
DA:229,0
DA:230,0
DA:233,0
DA:234,0
DA:235,0
DA:236,0
DA:239,0
DA:240,0
DA:241,0
DA:242,0
LF:121
LH:0
BRF:0
BRH:0
end_of_record
TN:
SF:src/routes/mnr.routes.js
FNF:0
FNH:0
DA:11,0
DA:13,0
DA:17,0
DA:18,0
DA:19,0
DA:20,0
DA:21,0
LF:7
LH:0
BRF:0
BRH:0
end_of_record
TN:
SF:src/routes/npi.routes.js
FNF:0
FNH:0
DA:6,0
DA:8,0
DA:10,0
DA:11,0
DA:12,0
DA:13,0
DA:14,0
DA:15,0
LF:8
LH:0
BRF:0
BRH:0
end_of_record
TN:
SF:src/routes/ogi.routes.js
FNF:0
FNH:0
DA:5,0
DA:7,0
DA:10,0
DA:11,0
DA:12,0
DA:13,0
LF:6
LH:0
BRF:0
BRH:0
end_of_record
TN:
SF:src/routes/qmqa.routes.js
FNF:0
FNH:0
DA:22,0
DA:26,0
DA:32,0
DA:33,0
DA:34,0
DA:41,0
DA:44,0
DA:50,0
DA:51,0
DA:52,0
DA:59,0
DA:62,0
DA:63,0
DA:64,0
DA:65,0
DA:66,0
DA:70,0
DA:71,0
DA:76,0
DA:83,0
DA:92,0
DA:93,0
DA:96,0
DA:97,0
DA:98,0
DA:101,0
DA:102,0
DA:103,0
DA:104,0
LF:29
LH:0
BRF:0
BRH:0
end_of_record
TN:
SF:src/routes/qmqa.routes.ts
FNF:0
FNH:0
DA:22,0
DA:26,0
DA:33,0
DA:34,0
DA:36,0
DA:44,0
DA:47,0
DA:54,0
DA:55,0
DA:57,0
DA:65,0
DA:68,0
DA:69,0
DA:70,0
DA:71,0
DA:72,0
DA:76,0
DA:78,0
DA:84,0
DA:91,0
DA:100,0
DA:101,0
DA:104,0
DA:105,0
DA:106,0
DA:109,0
DA:110,0
DA:111,0
DA:112,0
LF:29
LH:0
BRF:0
BRH:0
end_of_record
TN:
SF:src/routes/sqmp.routes.js
FNF:0
FNH:0
DA:4,0
DA:7,0
DA:8,0
DA:9,0
DA:10,0
DA:13,0
DA:14,0
DA:15,0
LF:8
LH:0
BRF:0
BRH:0
end_of_record
TN:
SF:src/routes/sqpr.routes.js
FNF:0
FNH:0
DA:6,0
DA:8,0
DA:9,0
DA:10,0
DA:11,0
DA:14,0
DA:15,0
DA:16,0
LF:8
LH:0
BRF:0
BRH:0
end_of_record
TN:
SF:src/routes/user.routes.js
FNF:0
FNH:0
DA:5,0
DA:7,0
DA:9,0
DA:10,0
DA:11,0
DA:12,0
DA:13,0
DA:14,0
LF:8
LH:0
BRF:0
BRH:0
end_of_record
TN:
SF:src/schemas/qmqa.schema.ts
FN:25,(anonymous_0)
FN:29,(anonymous_1)
FN:40,(anonymous_2)
FN:44,(anonymous_3)
FN:117,(anonymous_4)
FNF:5
FNH:0
FNDA:0,(anonymous_0)
FNDA:0,(anonymous_1)
FNDA:0,(anonymous_2)
FNDA:0,(anonymous_3)
FNDA:0,(anonymous_4)
DA:9,1
DA:10,1
DA:23,1
DA:26,0
DA:27,0
DA:30,0
DA:31,0
DA:37,1
DA:41,0
DA:42,0
DA:45,0
DA:46,0
DA:55,1
DA:70,1
DA:89,1
DA:110,1
DA:119,0
DA:120,0
DA:122,0
DA:136,1
DA:162,1
LF:21
LH:10
BRDA:26,0,0,0
BRDA:26,0,1,0
BRDA:30,1,0,0
BRDA:30,1,1,0
BRDA:41,2,0,0
BRDA:41,2,1,0
BRDA:45,3,0,0
BRDA:45,3,1,0
BRDA:119,4,0,0
BRDA:119,4,1,0
BRF:10
BRH:0
end_of_record
TN:
SF:src/services/fiveM1E.service.js
FN:5,(anonymous_0)
FN:16,(anonymous_1)
FN:74,(anonymous_2)
FN:86,(anonymous_3)
FN:100,(anonymous_4)
FN:116,(anonymous_5)
FN:144,(anonymous_6)
FN:150,(anonymous_7)
FN:169,(anonymous_8)
FN:171,(anonymous_9)
FN:177,(anonymous_10)
FN:205,(anonymous_11)
FN:244,(anonymous_12)
FN:257,(anonymous_13)
FN:272,(anonymous_14)
FN:289,(anonymous_15)
FNF:16
FNH:0
FNDA:0,(anonymous_0)
FNDA:0,(anonymous_1)
FNDA:0,(anonymous_2)
FNDA:0,(anonymous_3)
FNDA:0,(anonymous_4)
FNDA:0,(anonymous_5)
FNDA:0,(anonymous_6)
FNDA:0,(anonymous_7)
FNDA:0,(anonymous_8)
FNDA:0,(anonymous_9)
FNDA:0,(anonymous_10)
FNDA:0,(anonymous_11)
FNDA:0,(anonymous_12)
FNDA:0,(anonymous_13)
FNDA:0,(anonymous_14)
FNDA:0,(anonymous_15)
DA:5,0
DA:6,0
DA:7,0
DA:8,0
DA:9,0
DA:12,0
DA:17,0
DA:18,0
DA:20,0
DA:21,0
DA:24,0
DA:25,0
DA:26,0
DA:27,0
DA:29,0
DA:30,0
DA:33,0
DA:55,0
DA:58,0
DA:69,0
DA:72,0
DA:73,0
DA:74,0
DA:80,0
DA:84,0
DA:85,0
DA:86,0
DA:94,0
DA:98,0
DA:99,0
DA:100,0
DA:110,0
DA:114,0
DA:115,0
DA:116,0
DA:127,0
DA:130,0
DA:133,0
DA:136,0
DA:137,0
DA:145,0
DA:146,0
DA:149,0
DA:150,0
DA:151,0
DA:154,0
DA:156,0
DA:170,0
DA:171,0
DA:178,0
DA:179,0
DA:181,0
DA:182,0
DA:185,0
DA:186,0
DA:187,0
DA:188,0
DA:190,0
DA:191,0
DA:194,0
DA:197,0
DA:204,0
DA:205,0
DA:206,0
DA:207,0
DA:212,0
DA:230,0
DA:233,0
DA:234,0
DA:236,0
DA:241,0
DA:242,0
DA:243,0
DA:244,0
DA:250,0
DA:254,0
DA:255,0
DA:256,0
DA:257,0
DA:265,0
DA:269,0
DA:270,0
DA:271,0
DA:272,0
DA:282,0
DA:286,0
DA:287,0
DA:288,0
DA:289,0
DA:300,0
DA:303,0
DA:304,0
DA:307,0
DA:308,0
LF:94
LH:0
BRDA:36,0,0,0
BRDA:36,0,1,0
BRDA:37,1,0,0
BRDA:37,1,1,0
BRDA:38,2,0,0
BRDA:38,2,1,0
BRDA:39,3,0,0
BRDA:39,3,1,0
BRDA:40,4,0,0
BRDA:40,4,1,0
BRDA:41,5,0,0
BRDA:41,5,1,0
BRDA:42,6,0,0
BRDA:42,6,1,0
BRDA:43,7,0,0
BRDA:43,7,1,0
BRDA:44,8,0,0
BRDA:44,8,1,0
BRDA:45,9,0,0
BRDA:45,9,1,0
BRDA:49,10,0,0
BRDA:49,10,1,0
BRDA:50,11,0,0
BRDA:50,11,1,0
BRDA:51,12,0,0
BRDA:51,12,1,0
BRDA:52,13,0,0
BRDA:52,13,1,0
BRDA:53,14,0,0
BRDA:53,14,1,0
BRDA:72,15,0,0
BRDA:72,15,1,0
BRDA:72,16,0,0
BRDA:72,16,1,0
BRDA:77,17,0,0
BRDA:77,17,1,0
BRDA:84,18,0,0
BRDA:84,18,1,0
BRDA:84,19,0,0
BRDA:84,19,1,0
BRDA:89,20,0,0
BRDA:89,20,1,0
BRDA:91,21,0,0
BRDA:91,21,1,0
BRDA:92,22,0,0
BRDA:92,22,1,0
BRDA:98,23,0,0
BRDA:98,23,1,0
BRDA:98,24,0,0
BRDA:98,24,1,0
BRDA:104,25,0,0
BRDA:104,25,1,0
BRDA:105,26,0,0
BRDA:105,26,1,0
BRDA:107,27,0,0
BRDA:107,27,1,0
BRDA:108,28,0,0
BRDA:108,28,1,0
BRDA:114,29,0,0
BRDA:114,29,1,0
BRDA:114,30,0,0
BRDA:114,30,1,0
BRDA:123,31,0,0
BRDA:123,31,1,0
BRDA:124,32,0,0
BRDA:124,32,1,0
BRDA:136,33,0,0
BRDA:136,33,1,0
BRDA:146,34,0,0
BRDA:146,34,1,0
BRDA:151,35,0,0
[...]
BRDA:313,33,0,0
BRDA:313,33,1,0
BRDA:342,34,0,0
BRDA:342,34,1,0
BRDA:345,35,0,0
BRDA:345,35,1,0
BRDA:356,36,0,0
BRDA:356,36,1,0
BRDA:359,37,0,0
BRDA:359,37,1,0
BRDA:364,38,0,0
BRDA:364,38,1,0
BRDA:372,39,0,0
BRDA:372,39,1,0
BRDA:389,40,0,0
BRDA:389,40,1,0
BRDA:389,41,0,0
BRDA:389,41,1,0
BRDA:393,42,0,0
BRDA:393,42,1,0
BRDA:462,43,0,0
BRDA:462,43,1,0
BRDA:475,44,0,0
BRDA:475,44,1,0
BRDA:488,45,0,0
BRDA:488,45,1,0
BRDA:505,46,0,0
BRDA:505,46,1,0
BRDA:516,47,0,0
BRDA:516,47,1,0
BRDA:532,48,0,0
BRDA:532,49,0,0
BRDA:532,50,0,0
BRDA:535,51,0,0
BRDA:535,51,1,0
BRDA:548,52,0,0
BRDA:548,52,1,0
BRDA:553,53,0,0
BRDA:553,53,1,0
BRDA:556,54,0,0
BRDA:556,54,1,0
BRDA:563,55,0,0
BRDA:563,55,1,0
BRDA:566,56,0,0
BRDA:566,56,1,0
BRDA:569,57,0,0
BRDA:569,57,1,0
BRDA:572,58,0,0
BRDA:572,58,1,0
BRDA:575,59,0,0
BRDA:575,59,1,0
BRDA:580,60,0,0
BRDA:580,60,1,0
BRDA:593,61,0,0
BRDA:593,61,1,0
BRDA:600,62,0,0
BRDA:600,62,1,0
BRDA:602,63,0,0
BRDA:602,63,1,0
BRDA:616,64,0,0
BRDA:616,64,1,0
BRDA:617,65,0,0
BRDA:617,65,1,0
BRDA:618,66,0,0
BRDA:618,66,1,0
BRDA:619,67,0,0
BRDA:619,67,1,0
BRDA:620,68,0,0
BRDA:620,68,1,0
BRDA:621,69,0,0
BRDA:621,69,1,0
BRDA:622,70,0,0
BRDA:622,70,1,0
BRDA:623,71,0,0
BRDA:623,71,1,0
BRDA:624,72,0,0
BRDA:624,72,1,0
BRDA:625,73,0,0
BRDA:625,73,1,0
BRDA:626,74,0,0
BRDA:626,74,1,0
BRDA:627,75,0,0
BRDA:627,75,1,0
BRDA:632,76,0,0
BRDA:632,76,1,0
BRDA:635,77,0,0
BRDA:635,77,1,0
BRDA:648,78,0,0
BRDA:648,78,1,0
BRDA:651,79,0,0
BRDA:651,79,1,0
BRDA:668,80,0,0
BRDA:668,80,1,0
BRDA:687,81,0,0
BRDA:687,81,1,0
BRDA:694,82,0,0
BRDA:694,82,1,0
BRDA:701,83,0,0
BRDA:701,83,1,0
BRDA:702,84,0,0
BRDA:702,84,1,0
BRDA:703,85,0,0
BRDA:703,85,1,0
BRDA:704,86,0,0
BRDA:704,86,1,0
BRDA:705,87,0,0
BRDA:705,87,1,0
BRDA:714,88,0,0
BRDA:714,88,1,0
BRDA:734,89,0,0
BRDA:734,89,1,0
BRDA:743,90,0,0
BRDA:743,90,1,0
BRDA:743,91,0,0
BRDA:743,91,1,0
BRDA:780,92,0,0
BRDA:780,92,1,0
BRDA:799,93,0,0
BRDA:799,93,1,0
BRDA:823,94,0,0
BRDA:823,94,1,0
BRDA:836,95,0,0
BRDA:836,95,1,0
BRDA:860,96,0,0
BRDA:860,97,0,0
BRDA:885,98,0,0
BRDA:885,98,1,0
BRDA:892,99,0,0
BRDA:892,99,1,0
BRDA:893,100,0,0
BRDA:893,100,1,0
BRDA:906,101,0,0
BRDA:906,101,1,0
BRDA:907,102,0,0
BRDA:907,102,1,0
BRDA:908,103,0,0
BRDA:908,103,1,0
BRDA:909,104,0,0
BRDA:909,104,1,0
BRDA:910,105,0,0
BRDA:910,105,1,0
BRDA:911,106,0,0
BRDA:911,106,1,0
BRDA:911,107,0,0
BRDA:911,107,1,0
BRDA:915,108,0,0
BRDA:915,108,1,0
BRDA:916,109,0,0
BRDA:916,109,1,0
BRDA:917,110,0,0
BRDA:917,110,1,0
BRDA:918,111,0,0
BRDA:918,111,1,0
BRDA:919,112,0,0
BRDA:919,112,1,0
BRDA:920,113,0,0
BRDA:920,113,1,0
BRDA:921,114,0,0
BRDA:921,114,1,0
BRDA:922,115,0,0
BRDA:922,115,1,0
BRDA:923,116,0,0
BRDA:923,116,1,0
BRDA:924,117,0,0
BRDA:924,117,1,0
BRDA:977,118,0,0
BRDA:987,119,0,0
BRDA:987,119,1,0
BRDA:990,120,0,0
BRDA:990,120,1,0
BRDA:996,121,0,0
BRDA:996,121,1,0
BRDA:1030,122,0,0
BRDA:1040,123,0,0
BRDA:1040,123,1,0
BRDA:1143,124,0,0
BRDA:1143,124,1,0
BRDA:1165,125,0,0
BRDA:1165,125,1,0
BRF:249
BRH:0
end_of_record
TN:
SF:src/services/sqmp.service.js
FN:5,(anonymous_0)
FN:15,(anonymous_1)
FN:21,(anonymous_2)
FN:27,(anonymous_3)
FN:45,(anonymous_4)
FN:68,(anonymous_5)
FN:79,(anonymous_6)
FN:128,(anonymous_7)
FN:143,(anonymous_8)
FN:158,(anonymous_9)
FN:183,(anonymous_10)
FN:255,(anonymous_11)
FN:262,(anonymous_12)
FN:269,(anonymous_13)
FN:282,(anonymous_14)
FN:286,(anonymous_15)
FN:346,(anonymous_16)
FN:361,(anonymous_17)
FN:391,(anonymous_18)
FN:412,(anonymous_19)
FN:430,(anonymous_20)
FN:448,(anonymous_21)
FNF:22
FNH:0
FNDA:0,(anonymous_0)
FNDA:0,(anonymous_1)
FNDA:0,(anonymous_2)
FNDA:0,(anonymous_3)
FNDA:0,(anonymous_4)
FNDA:0,(anonymous_5)
FNDA:0,(anonymous_6)
FNDA:0,(anonymous_7)
FNDA:0,(anonymous_8)
FNDA:0,(anonymous_9)
FNDA:0,(anonymous_10)
FNDA:0,(anonymous_11)
FNDA:0,(anonymous_12)
FNDA:0,(anonymous_13)
FNDA:0,(anonymous_14)
FNDA:0,(anonymous_15)
FNDA:0,(anonymous_16)
FNDA:0,(anonymous_17)
FNDA:0,(anonymous_18)
FNDA:0,(anonymous_19)
FNDA:0,(anonymous_20)
FNDA:0,(anonymous_21)
DA:5,0
DA:8,0
DA:9,0
DA:10,0
DA:11,0
DA:15,0
DA:16,0
DA:17,0
DA:18,0
DA:21,0
DA:22,0
DA:23,0
DA:24,0
DA:27,0
DA:28,0
DA:42,0
DA:45,0
DA:46,0
DA:60,0
DA:63,0
DA:69,0
DA:70,0
DA:72,0
DA:73,0
DA:74,0
DA:75,0
DA:77,0
DA:78,0
DA:79,0
DA:81,0
DA:84,0
DA:85,0
DA:87,0
DA:88,0
DA:89,0
DA:92,0
DA:93,0
DA:95,0
DA:123,0
DA:126,0
DA:127,0
DA:128,0
DA:137,0
DA:141,0
DA:142,0
DA:143,0
DA:152,0
DA:156,0
DA:157,0
DA:158,0
DA:165,0
DA:168,0
DA:169,0
DA:170,0
DA:173,0
DA:174,0
DA:175,0
DA:184,0
DA:185,0
DA:186,0
DA:188,0
DA:191,0
DA:255,0
DA:262,0
DA:269,0
DA:283,0
DA:286,0
DA:343,0
DA:344,0
DA:345,0
DA:346,0
DA:347,0
DA:349,0
DA:355,0
DA:362,0
DA:363,0
DA:364,0
DA:366,0
DA:367,0
DA:369,0
DA:370,0
DA:371,0
DA:372,0
DA:375,0
DA:376,0
DA:377,0
DA:380,0
DA:391,0
DA:392,0
DA:393,0
DA:394,0
DA:395,0
DA:399,0
DA:400,0
DA:401,0
DA:402,0
DA:408,0
DA:409,0
DA:410,0
DA:411,0
DA:412,0
DA:421,0
DA:426,0
DA:427,0
DA:428,0
DA:429,0
DA:430,0
DA:439,0
DA:444,0
DA:445,0
DA:446,0
DA:447,0
DA:448,0
DA:455,0
DA:459,0
DA:460,0
DA:461,0
DA:464,0
DA:465,0
DA:466,0
LF:120
LH:0
BRDA:8,0,0,0
BRDA:8,0,1,0
BRDA:9,1,0,0
BRDA:9,1,1,0
BRDA:16,2,0,0
BRDA:16,2,1,0
BRDA:17,3,0,0
BRDA:17,3,1,0
BRDA:22,4,0,0
BRDA:22,4,1,0
BRDA:23,5,0,0
BRDA:23,5,1,0
BRDA:42,6,0,0
BRDA:42,6,1,0
BRDA:42,6,2,0
BRDA:60,7,0,0
BRDA:60,7,1,0
BRDA:77,8,0,0
BRDA:77,8,1,0
BRDA:98,9,0,0
BRDA:98,9,1,0
BRDA:107,10,0,0
BRDA:107,10,1,0
BRDA:126,11,0,0
BRDA:126,11,1,0
BRDA:132,12,0,0
BRDA:132,12,1,0
BRDA:141,13,0,0
BRDA:141,13,1,0
BRDA:147,14,0,0
BRDA:147,14,1,0
BRDA:156,15,0,0
BRDA:156,15,1,0
BRDA:174,16,0,0
BRDA:174,16,1,0
BRDA:186,17,0,0
BRDA:186,17,1,0
BRDA:201,18,0,0
BRDA:201,18,1,0
BRDA:202,19,0,0
BRDA:202,19,1,0
BRDA:203,20,0,0
BRDA:203,20,1,0
BRDA:230,21,0,0
BRDA:230,21,1,0
BRDA:234,22,0,0
BRDA:234,22,1,0
BRDA:239,23,0,0
BRDA:239,23,1,0
BRDA:244,24,0,0
BRDA:244,24,1,0
BRDA:255,25,0,0
BRDA:255,25,1,0
BRDA:262,26,0,0
BRDA:262,26,1,0
BRDA:269,27,0,0
BRDA:269,27,1,0
BRDA:272,28,0,0
BRDA:272,28,1,0
BRDA:273,29,0,0
BRDA:273,29,1,0
BRDA:296,30,0,0
BRDA:296,30,1,0
BRDA:297,31,0,0
BRDA:297,31,1,0
BRDA:298,32,0,0
BRDA:298,32,1,0
BRDA:324,33,0,0
BRDA:324,33,1,0
BRDA:328,34,0,0
BRDA:328,34,1,0
BRDA:343,35,0,0
BRDA:343,35,1,0
BRDA:347,36,0,0
BRDA:347,36,1,0
BRDA:349,37,0,0
BRDA:349,37,1,0
BRDA:349,37,2,0
BRDA:370,38,0,0
BRDA:370,38,1,0
BRDA:392,39,0,0
BRDA:392,39,1,0
BRDA:393,40,0,0
BRDA:393,40,1,0
BRDA:394,41,0,0
BRDA:394,41,1,0
BRDA:399,42,0,0
BRDA:399,42,1,0
BRDA:408,43,0,0
BRDA:408,43,1,0
BRDA:411,44,0,0
BRDA:411,44,1,0
BRDA:416,45,0,0
BRDA:416,45,1,0
BRDA:426,46,0,0
BRDA:426,46,1,0
BRDA:429,47,0,0
BRDA:429,47,1,0
BRDA:434,48,0,0
BRDA:434,48,1,0
BRDA:444,49,0,0
BRDA:444,49,1,0
BRDA:447,50,0,0
BRDA:447,50,1,0
BRDA:465,51,0,0
BRDA:465,51,1,0
BRF:106
BRH:0
end_of_record
TN:
SF:src/services/sqpr.service.js
FN:5,(anonymous_0)
FN:19,(anonymous_1)
FN:66,(anonymous_2)
FN:85,(anonymous_3)
FN:113,(anonymous_4)
FN:155,(anonymous_5)
FN:162,(anonymous_6)
FN:190,(anonymous_7)
FN:221,(anonymous_8)
FN:242,(anonymous_9)
FNF:10
FNH:0
FNDA:0,(anonymous_0)
FNDA:0,(anonymous_1)
FNDA:0,(anonymous_2)
FNDA:0,(anonymous_3)
FNDA:0,(anonymous_4)
FNDA:0,(anonymous_5)
FNDA:0,(anonymous_6)
FNDA:0,(anonymous_7)
FNDA:0,(anonymous_8)
FNDA:0,(anonymous_9)
DA:5,0
DA:8,0
DA:9,0
DA:10,0
DA:14,0
DA:20,0
DA:21,0
DA:24,0
DA:25,0
DA:26,0
DA:27,0
DA:29,0
DA:30,0
DA:32,0
DA:33,0
DA:34,0
DA:37,0
DA:60,0
DA:61,0
DA:62,0
DA:65,0
DA:66,0
DA:76,0
DA:77,0
DA:78,0
DA:80,0
DA:84,0
DA:85,0
DA:92,0
DA:93,0
DA:94,0
DA:96,0
DA:99,0
DA:100,0
DA:101,0
DA:104,0
DA:105,0
DA:106,0
DA:114,0
DA:116,0
DA:117,0
DA:118,0
DA:119,0
DA:122,0
DA:130,0
DA:132,0
DA:133,0
DA:134,0
DA:137,0
DA:138,0
DA:139,0
DA:142,0
DA:148,0
DA:149,0
DA:156,0
DA:163,0
DA:164,0
DA:166,0
DA:167,0
DA:169,0
DA:170,0
DA:171,0
DA:172,0
DA:175,0
DA:176,0
DA:177,0
DA:180,0
DA:190,0
DA:191,0
DA:194,0
DA:196,0
DA:197,0
DA:205,0
DA:208,0
DA:209,0
DA:211,0
DA:215,0
DA:217,0
DA:220,0
DA:221,0
DA:231,0
DA:236,0
DA:238,0
DA:241,0
DA:242,0
DA:249,0
DA:253,0
DA:254,0
DA:257,0
DA:258,0
LF:90
LH:0
BRDA:8,0,0,0
BRDA:8,0,1,0
BRDA:26,1,0,0
BRDA:26,1,1,0
BRDA:27,2,0,0
BRDA:27,2,1,0
BRDA:43,3,0,0
BRDA:43,3,1,0
BRDA:44,4,0,0
BRDA:44,4,1,0
BRDA:45,5,0,0
BRDA:45,5,1,0
BRDA:65,6,0,0
BRDA:65,6,1,0
BRDA:70,7,0,0
BRDA:70,7,1,0
BRDA:71,8,0,0
BRDA:71,8,1,0
BRDA:84,9,0,0
BRDA:84,9,1,0
BRDA:105,10,0,0
BRDA:105,10,1,0
BRDA:117,11,0,0
BRDA:117,11,1,0
BRDA:132,12,0,0
BRDA:132,12,1,0
BRDA:133,13,0,0
BRDA:133,13,1,0
BRDA:137,14,0,0
BRDA:137,14,1,0
BRDA:138,15,0,0
BRDA:138,15,1,0
BRDA:144,16,0,0
BRDA:144,16,1,0
BRDA:145,17,0,0
BRDA:145,17,1,0
BRDA:170,18,0,0
BRDA:170,18,1,0
BRDA:191,19,0,0
BRDA:191,19,1,0
BRDA:194,20,0,0
BRDA:194,20,1,0
BRDA:196,21,0,0
BRDA:196,21,1,0
BRDA:205,22,0,0
BRDA:205,22,1,0
BRDA:215,23,0,0
BRDA:215,23,1,0
BRDA:220,24,0,0
BRDA:220,24,1,0
BRDA:222,25,0,0
BRDA:222,25,1,0
BRDA:225,26,0,0
BRDA:225,26,1,0
BRDA:226,27,0,0
BRDA:226,27,1,0
BRDA:236,28,0,0
BRDA:236,28,1,0
BRDA:241,29,0,0
BRDA:241,29,1,0
BRDA:243,30,0,0
BRDA:243,30,1,0
BRDA:257,31,0,0
BRDA:257,31,1,0
BRF:64
BRH:0
end_of_record
TN:
SF:src/services/test-qmqa-integration.js
FNF:0
FNH:0
DA:8,0
DA:9,0
DA:10,0
DA:13,0
DA:17,0
DA:39,0
DA:40,0
DA:42,0
DA:43,0
DA:44,0
DA:45,0
DA:47,0
DA:48,0
DA:52,0
DA:55,0
DA:59,0
DA:73,0
DA:74,0
DA:76,0
DA:77,0
DA:78,0
DA:79,0
DA:81,0
DA:82,0
DA:86,0
DA:89,0
DA:93,0
DA:103,0
DA:104,0
DA:106,0
DA:107,0
DA:108,0
DA:109,0
DA:111,0
DA:112,0
DA:116,0
DA:119,0
DA:123,0
DA:130,0
DA:131,0
DA:133,0
DA:134,0
DA:135,0
DA:136,0
DA:138,0
DA:139,0
DA:143,0
DA:146,0
DA:150,0
DA:181,0
DA:182,0
DA:184,0
DA:185,0
DA:186,0
DA:187,0
DA:189,0
DA:190,0
DA:194,0
DA:197,0
DA:199,0
DA:200,0
DA:201,0
DA:202,0
DA:204,0
DA:208,0
DA:209,0
DA:210,0
DA:212,0
DA:213,0
DA:214,0
DA:216,0
DA:217,0
DA:218,0
DA:219,0
DA:220,0
DA:222,0
DA:223,0
DA:224,0
DA:226,0
DA:227,0
LF:80
LH:0
BRDA:43,0,0,0
BRDA:43,0,1,0
BRDA:77,1,0,0
BRDA:77,1,1,0
BRDA:107,2,0,0
BRDA:107,2,1,0
BRDA:134,3,0,0
BRDA:134,3,1,0
BRDA:185,4,0,0
BRDA:185,4,1,0
BRDA:222,5,0,0
BRDA:222,5,1,0
BRF:12
BRH:0
end_of_record
TN:
SF:src/services/test-qmqa-validation.js
FN:19,(anonymous_0)
FN:35,(anonymous_1)
FN:44,(anonymous_2)
FN:56,(anonymous_3)
FN:62,(anonymous_4)
FN:74,(anonymous_5)
FN:83,(anonymous_6)
FN:100,(anonymous_7)
FN:106,(anonymous_8)
FN:124,(anonymous_9)
FN:130,(anonymous_10)
FN:148,(anonymous_11)
FN:154,(anonymous_12)
FN:172,(anonymous_13)
FN:178,(anonymous_14)
FN:196,(anonymous_15)
FN:202,(anonymous_16)
FN:219,(anonymous_17)
FN:228,(anonymous_18)
FN:236,(anonymous_19)
FN:242,(anonymous_20)
FN:250,(anonymous_21)
FNF:22
FNH:0
FNDA:0,(anonymous_0)
FNDA:0,(anonymous_1)
FNDA:0,(anonymous_2)
FNDA:0,(anonymous_3)
FNDA:0,(anonymous_4)
FNDA:0,(anonymous_5)
FNDA:0,(anonymous_6)
FNDA:0,(anonymous_7)
FNDA:0,(anonymous_8)
FNDA:0,(anonymous_9)
FNDA:0,(anonymous_10)
FNDA:0,(anonymous_11)
FNDA:0,(anonymous_12)
FNDA:0,(anonymous_13)
FNDA:0,(anonymous_14)
FNDA:0,(anonymous_15)
FNDA:0,(anonymous_16)
FNDA:0,(anonymous_17)
FNDA:0,(anonymous_18)
FNDA:0,(anonymous_19)
FNDA:0,(anonymous_20)
FNDA:0,(anonymous_21)
DA:9,0
DA:10,0
DA:11,0
DA:13,0
DA:19,0
DA:20,0
DA:21,0
DA:22,0
DA:23,0
DA:24,0
DA:26,0
DA:27,0
DA:28,0
DA:29,0
DA:31,0
DA:35,0
DA:36,0
DA:38,0
DA:39,0
DA:42,0
DA:44,0
DA:45,0
DA:46,0
DA:53,0
DA:55,0
DA:56,0
DA:57,0
DA:62,0
DA:63,0
DA:64,0
DA:71,0
DA:73,0
DA:74,0
DA:75,0
DA:81,0
DA:83,0
DA:84,0
DA:85,0
DA:97,0
DA:99,0
DA:100,0
DA:101,0
DA:106,0
DA:107,0
DA:108,0
DA:121,0
DA:123,0
DA:124,0
DA:125,0
DA:130,0
DA:131,0
DA:132,0
DA:145,0
DA:147,0
DA:148,0
DA:149,0
DA:154,0
DA:155,0
DA:156,0
DA:169,0
DA:172,0
DA:173,0
DA:178,0
DA:179,0
DA:180,0
DA:193,0
DA:196,0
DA:197,0
DA:202,0
DA:203,0
DA:204,0
DA:216,0
DA:218,0
DA:219,0
DA:220,0
DA:226,0
DA:228,0
DA:229,0
DA:230,0
DA:233,0
DA:235,0
DA:236,0
DA:237,0
DA:242,0
DA:243,0
DA:244,0
DA:247,0
DA:249,0
DA:250,0
DA:251,0
DA:257,0
DA:258,0
DA:259,0
DA:260,0
DA:261,0
DA:262,0
DA:263,0
DA:264,0
DA:266,0
DA:267,0
DA:269,0
DA:273,0
DA:275,0
DA:280,0
LF:104
LH:0
BRDA:28,0,0,0
BRDA:28,0,1,0
BRDA:55,1,0,0
BRDA:55,1,1,0
BRDA:56,2,0,0
BRDA:56,2,1,0
BRDA:73,3,0,0
BRDA:73,3,1,0
BRDA:74,4,0,0
BRDA:74,4,1,0
BRDA:99,5,0,0
BRDA:99,5,1,0
BRDA:100,6,0,0
BRDA:100,6,1,0
BRDA:123,7,0,0
BRDA:123,7,1,0
BRDA:124,8,0,0
BRDA:124,8,1,0
BRDA:147,9,0,0
BRDA:147,9,1,0
BRDA:148,10,0,0
BRDA:148,10,1,0
BRDA:172,11,0,0
BRDA:172,11,1,0
BRDA:172,12,0,0
BRDA:172,12,1,0
BRDA:196,13,0,0
BRDA:196,13,1,0
BRDA:196,14,0,0
BRDA:196,14,1,0
BRDA:218,15,0,0
BRDA:218,15,1,0
BRDA:219,16,0,0
BRDA:219,16,1,0
BRDA:235,17,0,0
BRDA:235,17,1,0
BRDA:236,18,0,0
BRDA:236,18,1,0
BRDA:249,19,0,0
BRDA:249,19,1,0
BRDA:250,20,0,0
BRDA:250,20,1,0
BRDA:266,21,0,0
BRDA:266,21,1,0
BRDA:275,22,0,0
BRDA:275,22,1,0
BRF:46
BRH:0
end_of_record
TN:
SF:src/services/test-qmqa-workflow.js
FNF:0
FNH:0
DA:11,0
DA:14,0
DA:15,0
DA:16,0
DA:17,0
DA:18,0
DA:19,0
DA:20,0
DA:21,0
DA:24,0
DA:25,0
DA:26,0
DA:27,0
DA:29,0
DA:32,0
DA:33,0
DA:34,0
DA:36,0
DA:39,0
DA:40,0
DA:41,0
DA:43,0
DA:46,0
DA:47,0
DA:48,0
DA:50,0
DA:53,0
DA:54,0
DA:55,0
DA:57,0
DA:60,0
DA:61,0
DA:62,0
DA:64,0
DA:68,0
DA:69,0
DA:70,0
DA:71,0
DA:73,0
DA:76,0
DA:77,0
DA:78,0
DA:80,0
DA:83,0
DA:84,0
DA:85,0
DA:87,0
DA:91,0
DA:92,0
DA:93,0
DA:94,0
DA:96,0
DA:99,0
DA:100,0
DA:101,0
DA:103,0
DA:107,0
DA:108,0
DA:109,0
DA:110,0
DA:112,0
DA:113,0
DA:115,0
DA:119,0
DA:120,0
DA:121,0
DA:122,0
DA:124,0
DA:125,0
DA:127,0
DA:130,0
LF:71
LH:0
BRF:0
BRH:0
end_of_record
TN:
SF:src/utils/fiveM1E.mapper.js
FN:6,(anonymous_0)
FN:17,(anonymous_1)
FN:168,(anonymous_2)
FN:177,(anonymous_3)
FN:187,(anonymous_4)
FN:202,(anonymous_5)
FN:220,(anonymous_6)
FNF:7
FNH:0
FNDA:0,(anonymous_0)
FNDA:0,(anonymous_1)
FNDA:0,(anonymous_2)
FNDA:0,(anonymous_3)
FNDA:0,(anonymous_4)
FNDA:0,(anonymous_5)
FNDA:0,(anonymous_6)
DA:6,0
DA:17,0
DA:18,0
DA:20,0
DA:168,0
DA:177,0
DA:187,0
DA:202,0
DA:220,0
DA:222,0
DA:253,0
DA:345,0
LF:12
LH:0
BRDA:6,0,0,0
BRDA:6,0,1,0
BRDA:6,0,2,0
BRDA:17,1,0,0
BRDA:17,2,0,0
BRDA:17,3,0,0
BRDA:17,4,0,0
BRDA:17,5,0,0
BRDA:18,6,0,0
BRDA:18,6,1,0
BRDA:56,7,0,0
BRDA:56,7,1,0
BRDA:76,8,0,0
BRDA:76,8,1,0
BRDA:209,9,0,0
BRDA:209,9,1,0
BRDA:234,10,0,0
BRDA:234,10,1,0
BRDA:237,11,0,0
BRDA:237,11,1,0
BRDA:259,12,0,0
BRDA:259,12,1,0
BRDA:263,13,0,0
BRDA:263,13,1,0
BRDA:272,14,0,0
BRDA:272,14,1,0
BRDA:297,15,0,0
BRDA:297,15,1,0
BRDA:300,16,0,0
BRDA:300,16,1,0
BRDA:304,17,0,0
BRDA:304,17,1,0
BRDA:307,18,0,0
BRDA:307,18,1,0
BRDA:311,19,0,0
BRDA:311,19,1,0
BRDA:314,20,0,0
BRDA:314,20,1,0
BRDA:318,21,0,0
BRDA:318,21,1,0
BRDA:321,22,0,0
BRDA:321,22,1,0
BRDA:327,23,0,0
BRDA:327,23,1,0
BRDA:338,24,0,0
BRDA:338,24,1,0
BRF:46
BRH:0
end_of_record
TN:
SF:src/utils/logger.ts
FN:38,(anonymous_0)
FN:57,(anonymous_1)
FN:113,(anonymous_2)
FN:114,(anonymous_3)
FN:115,(anonymous_4)
FN:116,(anonymous_5)
FN:117,(anonymous_6)
FNF:7
FNH:6
FNDA:2,(anonymous_0)
FNDA:15,(anonymous_1)
FNDA:5,(anonymous_2)
FNDA:3,(anonymous_3)
FNDA:2,(anonymous_4)
FNDA:5,(anonymous_5)
FNDA:0,(anonymous_6)
DA:12,2
DA:13,2
DA:38,2
DA:39,2
DA:40,2
DA:42,0
DA:48,2
DA:58,15
DA:59,15
DA:79,2
DA:80,0
DA:82,0
DA:90,0
DA:112,2
DA:113,5
DA:114,3
DA:115,2
DA:116,5
DA:117,0
LF:19
LH:14
BRDA:39,0,0,2
BRDA:39,0,1,0
BRDA:42,1,0,0
BRDA:42,1,1,0
BRDA:53,2,0,0
BRDA:53,2,1,2
BRDA:58,3,0,14
BRDA:58,3,1,1
BRDA:66,4,0,0
BRDA:66,4,1,2
BRDA:79,5,0,0
BRDA:79,5,1,2
BRF:12
BRH:6
end_of_record
TN:
SF:src/utils/npi.mapper.js
FN:1,(anonymous_0)
FN:7,(anonymous_1)
FN:13,(anonymous_2)
FN:18,(anonymous_3)
FNF:4
FNH:0
FNDA:0,(anonymous_0)
FNDA:0,(anonymous_1)
FNDA:0,(anonymous_2)
FNDA:0,(anonymous_3)
DA:1,0
DA:2,0
DA:3,0
DA:4,0
DA:7,0
DA:8,0
DA:9,0
DA:10,0
DA:13,0
DA:14,0
DA:15,0
DA:18,0
DA:19,0
DA:20,0
LF:14
LH:0
BRDA:2,0,0,0
BRDA:2,0,1,0
BRDA:4,1,0,0
BRDA:4,1,1,0
BRDA:8,2,0,0
BRDA:8,2,1,0
BRDA:10,3,0,0
BRDA:10,3,1,0
BRDA:15,4,0,0
BRDA:15,4,1,0
BRDA:19,5,0,0
BRDA:19,5,1,0
BRDA:85,6,0,0
BRDA:85,6,1,0
BRDA:86,7,0,0
BRDA:86,7,1,0
BRDA:87,8,0,0
BRDA:87,8,1,0
BRDA:88,9,0,0
BRDA:88,9,1,0
BRF:20
BRH:0
end_of_record
TN:
SF:src/utils/qmqa-business-logic.ts
FN:45,generateControlNo
FN:65,hasSchedulePrefix
FN:85,validateControlNo
FN:101,convertRatingToPercentage
FN:115,parsePercentageToNumber
FN:145,isValidTransition
FNF:6
FNH:6
FNDA:815,generateControlNo
FNDA:211,hasSchedulePrefix
FNDA:117,validateControlNo
FNDA:214,convertRatingToPercentage
FNDA:216,parsePercentageToNumber
FNDA:446,isValidTransition
DA:50,815
DA:51,815
DA:52,815
DA:66,211
DA:86,117
DA:87,117
DA:88,117
DA:102,214
DA:116,216
DA:146,446
DA:161,446
LF:11
LH:11
BRDA:52,0,0,414
BRDA:52,0,1,401
BRDA:88,1,0,117
BRDA:88,1,1,70
BRDA:161,2,0,446
BRDA:161,2,1,0
BRF:6
BRH:5
end_of_record
TN:
SF:src/utils/qmqa/control-no-generator.js
FN:12,(anonymous_0)
FN:26,(anonymous_1)
FN:64,(anonymous_2)
FN:78,(anonymous_3)
FN:91,(anonymous_4)
FNF:5
FNH:0
FNDA:0,(anonymous_0)
FNDA:0,(anonymous_1)
FNDA:0,(anonymous_2)
FNDA:0,(anonymous_3)
FNDA:0,(anonymous_4)
DA:12,0
DA:13,0
DA:14,0
DA:15,0
DA:17,0
DA:26,0
DA:27,0
DA:28,0
DA:29,0
DA:50,0
DA:51,0
DA:53,0
DA:54,0
DA:64,0
DA:65,0
DA:68,0
DA:69,0
DA:78,0
DA:79,0
DA:81,0
DA:82,0
DA:91,0
DA:92,0
LF:23
LH:0
BRDA:12,0,0,0
BRDA:17,1,0,0
BRDA:17,1,1,0
BRDA:50,2,0,0
BRDA:50,2,1,0
BRDA:65,3,0,0
BRDA:65,3,1,0
BRDA:79,4,0,0
BRDA:79,4,1,0
BRDA:82,5,0,0
BRDA:82,5,1,0
BRDA:92,6,0,0
BRDA:92,6,1,0
BRF:13
BRH:0
end_of_record
TN:
SF:src/utils/qmqa/index.js
FNF:0
FNH:0
LF:0
LH:0
BRF:0
BRH:0
end_of_record
TN:
SF:src/utils/qmqa/response-formatter.js
FN:14,(anonymous_0)
FN:16,(anonymous_1)
FN:25,(anonymous_2)
FN:29,(anonymous_3)
FN:50,(anonymous_4)
FN:69,(anonymous_5)
FN:110,(anonymous_6)
FN:185,(anonymous_7)
FN:222,(anonymous_8)
FN:241,(anonymous_9)
FN:261,(anonymous_10)
FN:278,(anonymous_11)
FN:296,(anonymous_12)
FNF:13
FNH:0
FNDA:0,(anonymous_0)
FNDA:0,(anonymous_1)
FNDA:0,(anonymous_2)
FNDA:0,(anonymous_3)
FNDA:0,(anonymous_4)
FNDA:0,(anonymous_5)
FNDA:0,(anonymous_6)
FNDA:0,(anonymous_7)
FNDA:0,(anonymous_8)
FNDA:0,(anonymous_9)
FNDA:0,(anonymous_10)
FNDA:0,(anonymous_11)
FNDA:0,(anonymous_12)
DA:14,0
DA:15,0
DA:16,0
DA:25,0
DA:26,0
DA:28,0
DA:29,0
DA:32,0
DA:33,0
DA:34,0
DA:35,0
DA:40,0
DA:50,0
DA:51,0
DA:52,0
DA:54,0
DA:69,0
DA:70,0
DA:72,0
DA:110,0
DA:111,0
DA:113,0
DA:185,0
DA:186,0
DA:188,0
DA:222,0
DA:223,0
DA:225,0
DA:241,0
DA:242,0
DA:244,0
DA:261,0
DA:262,0
DA:264,0
DA:265,0
DA:268,0
DA:278,0
DA:279,0
DA:281,0
DA:282,0
DA:285,0
DA:296,0
DA:297,0
LF:43
LH:0
BRDA:15,0,0,0
BRDA:15,0,1,0
BRDA:26,1,0,0
BRDA:26,1,1,0
BRDA:26,2,0,0
BRDA:26,2,1,0
BRDA:28,3,0,0
BRDA:28,3,1,0
BRDA:35,4,0,0
BRDA:35,4,1,0
BRDA:35,5,0,0
BRDA:35,5,1,0
BRDA:59,6,0,0
BRDA:59,6,1,0
BRDA:59,7,0,0
BRDA:59,7,1,0
BRDA:70,8,0,0
BRDA:70,8,1,0
BRDA:111,9,0,0
BRDA:111,9,1,0
BRDA:168,10,0,0
BRDA:168,10,1,0
BRDA:169,11,0,0
BRDA:169,11,1,0
BRDA:170,12,0,0
BRDA:170,12,1,0
BRDA:171,13,0,0
BRDA:171,13,1,0
BRDA:186,14,0,0
BRDA:186,14,1,0
BRDA:206,15,0,0
BRDA:206,15,1,0
BRDA:207,16,0,0
BRDA:207,16,1,0
BRDA:208,17,0,0
BRDA:208,17,1,0
BRDA:223,18,0,0
BRDA:223,18,1,0
BRDA:226,19,0,0
BRDA:226,19,1,0
BRDA:226,19,2,0
BRDA:242,20,0,0
BRDA:242,20,1,0
BRDA:261,21,0,0
BRDA:264,22,0,0
BRDA:264,22,1,0
BRDA:278,23,0,0
BRDA:281,24,0,0
BRDA:281,24,1,0
BRF:49
BRH:0
end_of_record
TN:
SF:src/utils/qmqa/status-mapper.js
FN:27,(anonymous_0)
FN:38,(anonymous_1)
FN:54,(anonymous_2)
FN:69,(anonymous_3)
FN:78,(anonymous_4)
FN:88,(anonymous_5)
FN:98,(anonymous_6)
FN:108,(anonymous_7)
FN:117,(anonymous_8)
FNF:9
FNH:0
FNDA:0,(anonymous_0)
FNDA:0,(anonymous_1)
FNDA:0,(anonymous_2)
FNDA:0,(anonymous_3)
FNDA:0,(anonymous_4)
FNDA:0,(anonymous_5)
FNDA:0,(anonymous_6)
FNDA:0,(anonymous_7)
FNDA:0,(anonymous_8)
DA:9,0
DA:27,0
DA:28,0
DA:29,0
DA:38,0
DA:39,0
DA:42,0
DA:45,0
DA:54,0
DA:55,0
DA:58,0
DA:61,0
DA:69,0
DA:70,0
DA:78,0
DA:79,0
DA:88,0
DA:89,0
DA:98,0
DA:99,0
DA:108,0
DA:109,0
DA:110,0
DA:112,0
DA:117,0
LF:25
LH:0
BRDA:39,0,0,0
BRDA:39,0,1,0
BRDA:42,1,0,0
BRDA:42,1,1,0
BRDA:45,2,0,0
BRDA:45,2,1,0
BRDA:55,3,0,0
BRDA:55,3,1,0
BRDA:58,4,0,0
BRDA:58,4,1,0
BRDA:61,5,0,0
BRDA:61,5,1,0
BRF:12
BRH:0
end_of_record
TN:
SF:src/utils/qmqa/test-utilities.js
FNF:0
FNH:0
DA:28,0
DA:31,0
DA:32,0
DA:33,0
DA:34,0
DA:35,0
DA:36,0
DA:37,0
DA:38,0
DA:41,0
DA:42,0
DA:43,0
DA:44,0
DA:45,0
DA:46,0
DA:47,0
DA:48,0
DA:49,0
DA:50,0
DA:53,0
DA:55,0
DA:74,0
DA:76,0
DA:77,0
DA:79,0
DA:80,0
DA:82,0
DA:83,0
DA:85,0
LF:29
LH:0
BRF:0
BRH:0
end_of_record
